-150.0
-121.61517935864913
-480.4805463812798
-144.50624017861855
-73.35944563721955
-196.15851916560428
-60.79969860862968
-359.07229106422096
-301.300664809961
-149.25160777430878
-615.3915103710593
-119.32516039207918
-44.426206353833116
-109.87114082468395
-256.0419013771817
-90.60912123735122
-118.13776674631121
1.1821823797817572
-113.12229073685154
-62.207782115184415
-59.87487953452584
-42.379504956350125
-240.03780120454505
-104.32847623424436
-197.89546977470704
-61.216000668412626
-89.7604744483093
-24.792628906653597
-6.903384986083942
-17.695119271492967
32.95773965789647
-27.084835320431687
-31.128176007048356
-103.18692392318425
-90.2780787188284
-28.79704489471858
-60.303926110078706
-11.412512012826964
-92.06296060313827
-134.77344070753256
-137.45911676224904
-285.96125053780133
-297.4870548800184
-59.292578556888216
-195.50206441766906
-90.20871293475605
-87.46367834971997
-73.0190138611298
-21.872888816351796
-166.19412581217486
-375.9851540786897
-119.88895291317951
-75.48430625095698
-116.89389252290121
-29.469303598048597
-26.71585626183188
-24.914718815950827
-189.1168985616397
-5.964023083148316
-540.4840756594989
-91.46498152606344
-49.38017692444283
-167.9341947810929
-74.9951938512298
-134.07052431419146
-165.2374776037138
-88.3875085346884
-48.01868709024211
-69.97719035942292
-72.05625564650092
-72.81156806168465
-70.55786123219855
-119.75689329540583
-76.78687605481387
-75.35127502868852
-88.86496907715625
-465.1441185972871
-19.602300470207346
-35.59606297666162
-167.57708947008803
-23.818167569189132
-105.26547834463679
13.359047247297916
-313.5281157645425
-27.25080080087406
-59.95298628485057
-29.983425391600022
-29.548019600471303
-89.15291693976901
-84.87259040641707
-615.0992808849795
-287.6674346278846
-30.26975834451044
-52.010850748734526
-194.99999999999997
-56.70222393956045
-133.1106603010464
-101.74045783132283
-50.75185356621246
-62.24414556017631
-43.15397358981343
-60.993852858127596
-2.7600856788388306
-43.091352856462
-38.44329133533846
-38.915662897761436
-39.356343859220004
5.399295649890394
33.211590105412654
-525.3313375453953
-44.3094848086953
-175.57887972971548
-42.49327055390011
-85.79672703166872
-121.77011676754327
-31.1842283414436
-25.559444761192044
-24.825157263583375
-103.04054668790454
11.707946520473854
-315.86957041041615
-38.83576191411865
-52.10746935269667
-90.56445242028363
-74.16315967673692
-231.8196157312171
2.7406243700496993
-42.4923218293897
-61.16830431430442
0.6508936251765594
16.450317494462272
-14.974306546606076
1.016323607524004
15.048365157062143
-19.277448339902165
-29.912165148533358
-195.23388391131152
-30.557812979131516
-66.56534276070302
-16.04912252822465
17.946009907840494
-46.62922406453582
-120.51281836483622
16.989192496093196
-75.38519626537976
-45.23162981105589
-91.14069353584394
-152.74376486220856
-225.33319326387524
-72.20535070324371
-390.6516019688829
-54.34328747003175
-83.4236972695818
-20.817450048466938
-89.5544867202278
-387.28154100210554
-13.805612973878638
65.91971320188897
-129.09071771056617
-33.929304590665176
-23.29650489655073
-101.88377056951302
9.788042411063778
-91.42173477984062
10.517060895892987
-19.370720573360167
-56.7506882425189
-76.27018935531343
-150.70081460952593
-35.021332001714924
-6.794871941904678
-74.26299111827316
-38.08133243992776
-14.770148730367785
14.522287702813449
-106.10753182177555
-119.35666405336451
-11.437882936284304
12.359801065202182
-22.617672771180377
-29.62453006393313
-36.25470249026296
2.2782416220802784
-30.147159808244105
-74.61764531527491
12.563180569408136
15.69216937625266
-253.3382651323937
3.609751449110009
-420.4936894752605
-67.07332284877084
-31.70054612592919
-2.829743059714945
-26.863558542700666
-88.98092357073422
-111.8429367916452
6.8713610783975625
-0.8188570253040686
-48.64024664859568
-40.75156916114136
-21.571473219942035
-71.6934501123868
-24.474307672816902
29.750474473740034
444.05013227425275
-27.12102961473368
-105.98601203186988
-14.736810033637616
-253.0858443235239
-21.961537663599483
-59.705572169113644
-74.99999999999999
-191.80871605189057
-28.93462753728855
-9.985815143990433
-12.147621664665735
1.0177126100541138
16.43415804118174
-21.338912806870233
-11.81490534585383
30.915040672578552
14.977098929019569
7.345271588310315
-162.4761297998753
-22.87993961285524
-56.659899148061214
-33.39880265426593
16.375525242178483
-15.651695952787327
-3.2259411281697536
-22.751443816898117
-47.393239616238006
62.888592890491964
-0.17742082718736718
-44.9444642148179
-141.60697006003048
-199.35811366810242
-33.69515961655855
-74.88197913546709
-3.145413321626041
0.64108677647744
-45.03050571111609
-55.53902813096349
-7.483445892078447
-255.65075100870885
10.259453653376676
-33.31017924371215
20.190758025108714
3.8935288683581293
-3.024101109169941
20.031369150385054
-74.91091984950799
-11.387440663129063
10.802234052800163
18.5442734442523
-14.711660707831575
-35.412506251698055
5.834090909549286
29.624567226733785
9.522351677897534
-3.6721369166049467
-60.426273949570984
14.553193480720559
9.613121227856224
0.14603828030695976
-103.80600752132746
204.7140674548502
-60.789423792256414
10.354533383686212
-67.30629820202525
-4.720372306120792
11.093406375540807
-146.54925157793102
-23.380736228502336
-2.6366043863880395
-150.23685860076515
18.93546559062249
11.702104542178716
-165.62227632910734
7.595973060255108
129.58424782580798
-26.263381355750848
13.98406405381146
-24.615517793392197
-11.837210180183384
-286.0186830794635
-197.36322599470333
-3.8744739197110247
-8.00863666931335
14.377137196879659
8.193669458345973
-30.734903038421614
-12.507990731137447
-30.818157664373693
-73.06757629384394
-60.63586253652155
5.817432246514699
-62.19151745599885
-46.07000775889108
-75.16690970963444
7.678352040424842
-61.16021565745961
6.058337929011319
-1.1508840810891277
14.720523799619968
-26.1339976952913
-11.713829442910857
-12.119579229052881
27.375270632185394
-135.56304618544007
17.749938120110404
-18.037437098926883
19.135027568198296
10.065562859254658
16.363503427068085
-30.511071154923982
13.005312105809047
20.369600994722568
7.856344825594252
-75.57238752205878
21.8862204151251
-77.40740115526393
29.139547104734955
-1.9606856938112687
-104.8005568702332
3.815298088322946
-19.654246459215415
-189.14654331638167
-8.868985893025645
19.732379544234767
-17.517629246790644
-44.590030554460185
-69.7865807559374
-3.8124793722052313
16.067641332005433
25.698043948244244
-29.231286916787493
-12.690280378219814
-3.217818814744415
20.26772884406434
8.49754061576314
-11.721790141368439
-103.85242521349439
7.610523739566178
-72.79558148215338
30.567616343072768
14.541154296445542
25.406627960015673
-39.700022122027164
-4.283707138899909
-30.443955507057115
-87.86532396894984
17.389706809490278
47.516776489223794
25.180330261136266
-7.461198319327992
-25.094730546471933
-6.982349927776826
29.295443301827206
-38.56454388271776
-28.32952395381973
-37.15082246192406
-32.28261108649965
2.004630040289897
18.042892439027
-14.64759206256195
-47.05394053323121
11.69512878295286
15.094270858789791
-0.5484819791851974
0.198097464542921
14.33388717204819
-5.390042491059899
-3.2291530758501583
-42.85685535164628
10.77011077186545
-176.96431641762126
9.612709241936653
-7.231145084026242
-80.59965946403415
25.409686080875005
34.30697152276582
-64.48918441693411
-43.0249482939175
-10.687318825411687
-10.50528874643726
14.534756431054054
21.89603851533804
27.750805247131932
-18.166363425037204
2.8875901962636386
-17.681674057289833
-14.278154362509671
-46.25818292683948
-118.75692955634366
3.141816621898755
5.778180998529459
14.213002086987718
38.14904383206997
-11.487710378871116
-1.7831623902772984
-28.71933698628393
57.88077978306791
-61.12432650174704
-84.42277980647263
-8.14503815103563
-22.091287759694005
24.617724169134917
11.380002381405555
6.293717809424188
9.540145230855774
18.25120880484668
21.69407520148263
14.288218915530448
13.401443617317181
-39.066974139591906
7.185739878287343
-15.178955576266882
28.718454807275723
15.11566330223054
31.060708403190898
26.852599758354245
-14.749999999999993
-29.126902147245016
3.023581674214071
-5.810148988379128
-52.51609145365221
14.745637308372233
-11.018645314716691
-11.979181683264144
-31.071003607780533
-30.946224674386475
-15.211110123449522
14.001943405829294
270.53268896053174
-8.641105701284172
-10.081696951519367
28.632484149694207
17.859074270206392
28.619899392204058
8.069359302739551
-1.4756125249307002
20.536949988127898
-6.1998149226913
-280.3679719904726
384.1031101983307
2.5815903146821513
-10.818679202441064
23.704937557025456
-38.88536233797811
-27.562483284534526
44.64327896932169
22.5575653248233
3.3192081560095996
-14.878395968358827
2.291981528411284
-32.65440487255761
27.09002401498542
-42.425822003026745
-7.71716801798424
14.666445982562509
27.283023091969646
-90.78450599274863
-14.975181444952499
-28.92771907839226
-19.465744583715168
-145.25085500616157
-30.021154814336796
9.814095390469834
14.31687826378165
-31.877308213248927
1.2124367073166544
29.038567207805894
13.704490791132848
-24.41252234259882
12.924352685070478
32.06559163609338
24.97699823337255
9.928151346866295
21.858020699719702
13.877860658763588
12.834479370997428
-12.99755895767885
-1.3370212832244057
7.617779550202666
-25.046947030028374
-99.02949904252888
16.25038890358006
18.975034074803155
23.706362116094837
-12.966382310853074
27.557171963018746
-73.9994807326658
-43.92226150171684
-17.54675408195272
15.353044610623062
13.240673309778742
-10.554511104434505
28.612670592456436
26.23677669904609
11.693916046235652
-4.525772374439408
4.518229245985686
10.599759095082552
13.752549763670071
-11.772799483264674
8.4980012414016
0.3060324665633898
21.041213998673122
-150.1276051921382
-67.7401109696138
-12.053712131194882
-15.637844942201736
-8.697193690247689
-32.1832120464561
-6.702043812690777
-10.052113896650841
16.68802728536013
-9.146954724392327
-4.544799929113499
11.374175763143352
8.336080184925732
-30.61584256066032
10.450917021235647
20.198008236421998
17.57420129041533
16.439734817266203
11.068879333213733
-12.020667884144869
-7.776868663772152
0.8909980440994025
-14.01384977749063
-12.594725424999764
16.96990689451868
-10.235634284554052
-3.320617531248902
-91.76015353738597
28.288929955481635
-12.513667887313806
14.234982736455839
-16.329172274165767
-12.234198650554466
-19.777242838712567
1.6399593562067611
15.206649996198838
-0.8238699286134925
11.817920139238549
-1.6358987422681361
77.25476452840581
3.6790460702963195
-30.32042189713637
-44.86157626405168
10.98898835311625
1.364345126996108
1.8086790599379738
-1.0040729963358581
-21.85792984651837
-2.9674829317609643
-18.072765986798256
-6.954031984147722
-15.632348513069172
-1.9743723278155918
12.467217135427752
-55.21389732710227
24.279972192619823
0.48196435383335956
-11.162072449799329
-31.35004939789302
18.345246272347744
132.19328128941603
22.461226530776568
16.324441762804167
20.597501613051936
16.59008665288275
13.598807637625036
-2.947335105969429
31.126181538750117
-7.1169573717870005
2.000359521136975
7.430655590132175
-25.620951056178555
17.10904362536605
-6.380414856554004
-12.172136772822391
9.219193469429033
-27.607474590035352
-3.6309286167930477
-15.644824712727694
21.972883603505316
-45.8934142408656
9.177743486944392
-28.713999806416023
11.857515537445076
-3.265937112976576
-44.58633170347206
-16.229241149823167
14.691979829447547
14.042012808273048
25.507027823660643
13.370545629066545
-10.945366067781073
9.649464534580725
20.380299497702207
-9.850093033630351
7.378422370746263
8.04449240822453
0.6569946299120775
-27.670524681349818
-3.589486591299014
-30.201687878147276
-17.83681040496847
15.063334878294736
-150.04713916830067
1.14378557238466
-9.055068576484302
-16.95334084173568
-10.852750436457711
5.808060991810327
-14.615064979705174
-76.34398143603745
9.747834016966637
3.2529234189638427
-10.543329090578611
1.2556558073997164
399.920835507177
12.922943349506582
9.127104467242386
-7.449338940205489
-21.728448076642263
-44.74516557655397
8.610926138296167
14.644404355109266
15.934697675006095
0.8267275901042903
16.036383782173278
7.648340219637942
14.285912677070044
20.073965917118677
28.52909849609294
4.779495455533862
23.11040485555522
-17.601198365334014
-41.96029562335335
26.304150376633867
59.49863494566505
20.58455518062045
17.865967372182872
3.898877979382267
-31.947495865184514
11.605879473200815
18.37049556735422
-14.373981166002963
16.814519725958007
13.269981041241403
-71.46612268522516
-28.251706066326165
-14.768796778512183
11.260723849423407
6.062379910465043
2.462568072059577
-10.82059529540537
5.425339898643674
-32.39532010308383
2.8796765664825315
-9.058524724672498
13.307778185276325
11.455171530178223
5.546139804829542
20.919877612297736
9.118517755015397
-12.718270094494704
-30.252199213480367
2.030869529904731
27.85101427958045
11.918936284795755
46.68614452657095
-12.448019717278148
19.869118539182704
23.305667969699844
-7.888240078215458
3.766019662222797
-29.904257892947275
-12.07031173746116
22.929128647696434
-119.61450760803963
-43.976259188797684
10.326747479940796
27.976763148645933
-105.61252160755785
18.711217106734782
9.511766003899453
11.556251991688313
-0.37083464406378086
-1.1794950407695515
-15.050968991607617
-11.405788767311883
101.38002039703146
-42.62247819194186
7.328352805705936
-2.1765404878607457
-14.30413478611194
15.533944178305893
14.089170558533617
-7.14775400211882
25.711130755986616
26.286820274785264
-0.6132197119798821
30.175379369081043
-2.9273402711591388
16.50285778094909
2.1844115367722283
20.388321097818917
-23.44712126436537
4.18463723238662
25.768321972653435
14.849464500251344
18.01017683945966
-150.90352731638876
22.598452422799856
20.439604998540805
33.611208725028185
-10.289397122432831
-12.795240832693613
6.378662481906562
-31.627970489569567
1.2979102532728017
-22.8979793066903
5.851936549867446
-4.3791488879079274
2.9993030691096023
-10.03251752130019
-161.5293647821398
1.7628799991873585
-30.314136294050797
-28.919362364034953
12.389035089602379
-1.8585359473285266
-10.869289789555019
29.911119662233652
28.64308592389392
-10.655425128012297
15.017139901214371
5.303350402131147
-0.2612963795619332
-7.647917094741233
14.208406192506494
-33.5028319385443
-25.247504670947187
-10.56824026041964
12.96162119467136
13.828475269566088
-12.515257090537133
1.1476466244185684
-17.60051206196224
17.783366865171573
7.786177147892138
-8.366389301349479
14.213570230007036
28.41308660896534
18.925259896995133
-18.843802362241235
0.6141464321952519
-14.821173527801971
0.10770317447506028
-90.68122666676868
148.46812246113086
-32.803217455047346
23.576345356096763
-25.8948404108788
9.680694095280359
0.34965343265498294
0.21627684031558592
13.579883847018163
11.8858750460012
3.251074516173022
-0.11917042950859735
18.185316021707134
-165.03980512173936
-16.74984944225513
3.1920454148179673
13.682648328953544
14.004227920843615
22.987587895188437
1.6187272971527733
13.484690067004559
18.823432445885256
6.364538013655121
-13.722053330645522
7.251747218003484
-23.42446172202756
20.24263950187618
-15.615119694633858
19.834771000114433
10.081975595305776
1.1195423622391707
-27.695414363173747
-3.081834469044475
15.769359456780329
7.734029765334383
-13.088956157227946
-20.958715092867948
-114.19565613723226
17.454737295192043
22.498066430849846
-25.163374241909793
-28.44533764042157
-2.854143708066594
-2.2789937205034945
22.59220486613501
11.971839153807917
-12.43395082181944
1.7619507994827528
-46.44659055149789
13.035166730209838
11.577725170175729
-59.89158627958779
-27.584023631924588
0.8856228936769428
0.6828549290065871
-24.79507280124573
2.1227132205518506
-18.236674130916082
-22.278652182016824
8.498389046237314
-14.30343416987991
18.44780020361804
0.425179413541781
12.67816953663012
11.002348698368301
6.212145457330771
27.152691078916487
-30.760578590470175
7.532736046125612
3.01793228109211
11.375063292666955
6.084106636764526
-5.122983746454022
-0.8296804120855628
11.163200011175839
-0.26128477915431914
16.12995539595436
2.5010126564928132
0.20243269163047195
-4.518544383204675
15.512645396920147
-13.71808528891064
-22.487863900190572
-6.977400950577488
-21.080338965893972
-40.952324882570366
-37.4272119220536
4.021481763792335
14.793419307285621
14.948396176713512
-4.527496801000032
7.408984910625494
10.360764324887137
-23.928428022816615
-14.910650925783585
-27.710032379354075
0.3687970597048751
5.671158618200814
-2.5208192628797277
7.60561264706072
4.266927202961331
-11.691996320869105
12.111126255214346
26.067814592161152
15.139073213182387
23.91092823948561
2.5873953332886153
-14.138014087280101
9.232624948451178
-17.188587149027317
14.718886143968971
10.811358855847445
13.574337053318548
17.7988938877135
-76.3975437271435
-15.029485287835726
15.77552507770516
-11.705121170887715
-8.846294607126094
13.870936037412953
8.389853373307398
-15.158483702839995
5.192939149579065
-83.99636436616422
-28.057806751980507
32.43533686911752
-38.711949736811576
-15.314234221047963
4.1347250617951765
-5.597429709915135
-21.097547436256015
11.271163073757617
20.127269523280862
-8.182139179140744
1.625203415546959
28.36820781664791
0.6843181361658569
-5.245806789944244
-30.91370157239474
13.527308790626856
10.681365401639866
-59.38730485911168
-3.217432199522756
17.689567795243487
-12.581152820604967
13.927719060597358
-19.608588550012417
15.577948725819994
1.1162204707058525
-13.404005157075748
-1.1850502956128608
6.959181976450369
-24.349386914726885
-4.970940447384688
8.560540151724902
-22.86738496327125
1.9323822833414654
16.91763200517812
10.284418620414304
-28.850244333918774
19.59609614506499
-9.193708623652572
-0.41172860887831186
-39.30348903952964
15.606349714508898
17.753256991560452
23.60545297273738
-5.538876805058439
0.026379416639151998
16.834014697088257
7.943014222983388
-28.91283951928786
-23.812789148389847
22.77276343056655
-13.339326236226569
-90.71748475792901
5.521256540021451
-27.8439893585601
-1.3338796666759998
-143.13319438893907
15.351126975234983
-22.31089586360868
-18.507430448200232
-104.49236437329657
6.742231862200459
1.5830974226530525
12.374267381474649
-15.025154637755811
4.67544872857262
26.99820933726736
5.736286789167926
6.782003915521823
4.083230032808401
1.2056414142932428
-17.08973399660554
-25.643909520124907
11.955208391971965
17.4944743185826
22.68000599017496
20.011209372906897
33.4493752355965
-43.85154393634102
-13.528830484828003
-57.74585252790267
27.572164029155363
-19.277606182724025
-2.2549860630902563
-44.44561156211073
-27.127643189345626
26.02405178126218
10.72738011892962
-8.86261422238946
5.680469916681526
18.623623038853754
24.788365885893135
-31.667003317709643
12.693865238885476
22.05171727452756
-21.313044406162355
7.696255458224085
16.164167582383385
14.916721367743218
-25.815825088579825
15.276480963145467
-30.77912265046068
-13.547425497208216
-8.128133727777772
0.08130703113733206
-9.305638763665206
-7.447907858940052
-12.210611790217097
5.600585212059293
-12.694680640719064
14.262895228724979
-6.438258260317783
28.571216269399283
-8.701328478675492
-7.105259690195744
23.21436193254294
32.99525185519338
11.639510157646892
-5.325277603723263
34.695653084723844
2.305694337894127
-16.13256572268
149.17331453039733
9.73427467506853
-13.90493927449035
-61.25374643291842
48.27464070581366
-103.42277404537262
21.224657784788114
15.848270594914306
2.0161283886270653
6.334423017916951
16.979957418277902
20.259002684854416
18.065367491819607
16.783620632409654
-19.12811606004145
6.977108526531337
4.2046911198854575
-8.923914525980985
-15.443215873243407
-0.23125660900633616
9.197830852504532
1.511599744680989
8.45408000361202
-15.74448847311475
-9.810780669614918
28.384358968964662
15.030153174822892
-34.541619624111014
0.45791045480793624
19.086981929397183
-0.6722351366455772
17.759049843350837
1.2158306179870448
-82.08318064049308
-10.027113208632485
1.983087252347917
-21.351429770354343
3.247226123242738
-30.0
0.30571005655984873
13.507314757592273
17.468332886854665
24.44933743228954
-0.011811771780038782
11.57035804936423
10.15906941415119
19.51950047844518
15.176436952575608
-3.5963184540273625
15.184951075346236
23.50682430913414
-16.653203036188728
-24.036192379744406
1.8280566164691086
-0.7073116469947207
-44.644514187692955
-0.26029541560089164
-7.396137360046022
-8.336415936637461
-0.08777490515339204
30.87073541312126
-4.441516001072378
14.491504529530557
1.3782480909557289
18.037420699687377
0.5956545175508919
16.55291308492861
-13.86713706867855
-43.96790006612086
4.126085673045986
-59.767430882699045
-11.89062570525829
16.177421286557244
-20.744851755735773
6.8719328597578695
18.954271335206784
14.027142867693648
15.73229431304645
6.293948653005852
-6.695176761600777
22.446659419350123
26.250768225864164
4.809596770782922
23.64879131605576
21.4994063722397
-2.776925500346749
-11.130723016154995
-51.42112363798096
4.521944818178866
27.854811472057044
1.1210268465840256
-12.410429057481931
17.516841795086943
19.3550023500873
22.26606688174866
7.262909482006158
2.747031562639969
4.5561660844993295
17.393171763042204
15.140877297737468
7.952304711336532
12.575801956240367
5.321436195188624
-5.941798504616908
1.1145265984531671
-34.89225271138064
11.67974518967373
4.4949683098227515
-12.36217183157776
-14.001008749766987
-28.35313200558034
1.049021886647138
0.6131102667437798
-32.402388561197014
20.910741268065063
-4.219275460647829
-9.911380921533427
-75.30132520615409
-75.5453012872886
-0.9806713318543472
-45.67952084799011
21.958998502414847
0.798786645951471
8.707500140963733
44.615435385570784
-0.40607189256054355
29.547671280937223
26.505768701419605
-12.13900393284722
-4.822665167793052
-1.1643929466542313
-42.15631946746004
-44.67411029617581
-18.27772280869199
15.426507209988527
-28.147839024944275
18.72035894402777
20.428595253063722
9.533016661948462
6.608385436290002
20.790672208209987
17.723755495657365
29.374493064396038
-16.01054530186546
1.9990260908166042
1.3345029260474104
22.596138810113413
25.971200608617785
-28.92234276815466
5.747133588490762
-16.604271427109353
-12.388711503238564
-32.11373864307335
2.2759111248970187
-38.13759911482916
-1.44318644253464
-0.6786905547542488
17.598137554798754
-43.94526165288928
3.902808695208641
-10.053367134944208
-46.51412162160482
-12.961361045814261
14.18108620247428
-2.023986475301781
4.40210918904635
-6.625151585165673
5.624353748106554
4.9000462091365575
6.122037997979152
-6.346577497265813
13.604560956409653
-15.00112416524816
33.74227034574295
25.819968800129548
-13.92225952686946
20.369875705240098
41.887781633415834
2.063681387092475
32.66494142896838
25.445601843855957
-45.70929295852684
-4.272487663308924
9.802833039278479
-29.449891792173673
-52.29210030181259
9.754304958410021
10.383744871385813
-1.6405143538880311
4.572630517630317
18.702163506313866
16.870041359982203
17.16170730130869
17.107027024137857
17.951713316094843
-125.46979285366561
16.080015379685964
2.393506604178127
-35.905246927407674
17.89375340817145
-11.52992047825755
0.4226261405723508
10.863171530454379
-12.938437023202056
14.003343631866993
217.44276734092898
24.07587801727178
6.181960361625272
-6.426410355807796
3.199450111193332
5.043268677140453
15.058740250747295
-4.839644947701771
-10.354725774608854
22.495782084736522
20.433163690123916
-15.246769046502303
0.13122067237388046
-0.691466253902302
34.69817108775219
282.66576811605563
-4.227695228951958
-43.56155038953203
16.421117532023665
1.7683604787230733
12.342955568645689
-30.88505340832492
4.801612436407108
15.926146233488447
-13.17317069054738
5.855609101129204
27.5785153189618
-66.1418632464538
-14.742778346973413
-66.96449177706052
9.38929721549615
9.879128038992514
-30.24282138647402
-9.414984257139283
26.6445503598515
1.2788289634306098
-2.739521245951547
-14.07234877931808
26.649495241761972
-12.59661427685461
23.41413056325987
12.331218902941538
14.248524894443033
19.64526210832455
-22.63407450856829
1.424318698503643
12.900753296148778
-1.1533176965785188
-14.283342154027114
-2.312257041052712
13.948117779944901
-4.763489654256448
-43.949778763142135
-11.284356288345004
12.791484466325745
-53.08351956052485
12.958698355855615
1.5895079692727203
1.8018043949312914
14.016387380194221
-0.3205077406090253
-8.661417097384115
15.166044438766217
19.36939085569384
-2.315355532385156
16.790504325425843
-36.435703425428045
9.83460255592679
16.65167040279617
18.481727333237256
24.38312858929353
13.291209927566774
-2.7489877513424696
7.86579445917912
3.4876304439831425
1.8315516653245816
5.96386750743477
8.314149434744033
9.411890559168551
19.287247530564606
-92.11849264056886
16.139126643223403
-29.329919990152813
10.63445228716748
-0.9899854262867245
2.866943210101889
45.43070910023632
15.110986323038782
-15.471970945051172
1.4242736155704123
-3.0788285191637943
-54.62295169236222
13.32054997576924
26.36240272121118
-16.902212610014683
-75.19664752335021
4.760682110379717
-3.5094090411944356
3.3480867923733686
-15.32771043967543
-56.163242341892456
-5.695349631735282
-13.013704010669697
-9.177655489022825
-5.215630820534833
26.262204958809882
5.331990205056096
13.05251853785616
-2.643689361598018
-42.96933478564199
23.57103461165192
-34.62215132904812
11.91664074059777
8.634367299768186
-12.095989574518306
3.0745606128656457
-6.456915687203154
-25.318495003321686
-38.471162707839426
26.83755005182582
11.907584220317757
17.044842079123462
0.11431418407095939
-18.048184424952577
-13.725610205325816
-12.367803329058997
2.4369787291482425
22.439539452106015
-8.369195642761003
11.651242535566885
15.0658971892323
1.7127747321615079
-14.556931761382062
59.5655981650979
-34.41846003540578
-24.32344867712838
-75.59960868599036
-58.346150810970904
18.622641334632068
0.6736734938198472
15.282963797712616
16.886489551925585
14.607517380474494
3.00939016251837
-30.682312026571303
16.79294417276704
8.94211247876138
22.284904662397192
17.3625186278185
1.8360642132680365
26.218093432516117
-4.215229337407669
-3.2659439239107044
15.963804758640809
1.2592301762239129
11.880169192383134
-28.59552709293953
-9.657410495273655
-165.21015930680832
-23.011463562854043
-2.7686313728042293
20.6643314966077
2.2900018482757756
-70.38117791980063
-14.969359909000431
23.33402911505939
1.8081268527844423
18.385537820420506
-11.497887120022119
-100.66823099855208
-30.840164119567035
14.346844974470407
21.981761499668508
9.253409987826297
18.808897311844678
8.086443998088388
-31.984306946059483
-5.4019978364687535
18.41997043434422
18.252086255537492
7.486485490087903
-30.818992771299705
-0.25096339485836205
245.4566843586742
12.257678416370764
-71.93525621044772
-13.045569183616148
-1.3744440563260993
13.656355959321026
9.32249184390973
0.5531680972019597
-63.95311904329957
23.795016536648085
3.558224168645753
23.193348526567693
18.646429725795223
-29.761825168858223
-11.449525336798379
17.834232325749742
28.21710260103635
-16.42386958357261
-10.819469309008149
-3.958596069473434
-10.284324194883052
-0.038324418536705984
11.206597580084546
-226.02190285395562
-27.197388852805517
-27.43995770122917
17.110362645805026
-12.222264513949286
15.977089076998466
-7.320256664696237
1.1832373977560973
15.825422645869194
0.9619196692876413
15.001732164983208
-24.87437971890898
-31.224583355971795
4.634053318758175
9.482021696368957
11.779576247525245
-5.4698474448658345
-18.789670505641922
371.39471758978664
27.846465001644496
-8.366240821017975
-54.594861558536955
19.991513166857903
-9.013335563017097
16.826154120664878
31.58384888633823
13.53148318294484
-26.142023284782177
7.655703410850398
-11.524914728706625
-17.69430614647189
-9.920930557373737
-4.938451864018398
-12.296437023795596
-47.16702969316455
29.590667426546425
-56.97701727390119
13.04832733899234
-3.8413360114883983
-57.73512913479964
-32.603175553435385
15.335739277372667
-45.57572519448438
-39.67791114201583
0.5182408310767976
-14.922720596329116
8.936506722240594
1.4906030490784647
-57.19827317551633
27.791767962543833
-3.056326603371973
-17.592193065003446
7.171806989374886
15.177571941420272
5.946128531855237
-10.270944863547985
2.8809895814381496
-15.595712468135652
11.067297814447015
1.811601482569656
16.5614864994444
9.260519135110854
-3.334112376666904
-12.219651809576975
-4.540047051751946
-30.079529477222042
-26.739359259000988
-132.04872432281843
15.622829665457353
20.92648733068898
-8.27864421227325
16.495283482927952
15.110150444453586
-26.18582549408626
5.051331649505367
8.877642121251155
19.228083761452822
14.794923362208564
14.692731558572305
-53.919700693857024
3.332726694361865
-43.321653179677064
-7.781159297735946
-26.96173638240093
23.400906647632965
-28.666808943384247
11.43673905980569
3.8004473344241907
-19.819673742971496
-4.484968208386761
28.488873567958716
13.329198020576715
20.95692376411751
-1.091251213551525
-29.567693597348686
57.590421451855036
-27.734577074878217
11.115714249352289
-28.630089847315524
13.724315450875855
-48.31770725637102
12.685694976378237
-6.5715819225197585
-25.69948252791458
19.545480684827965
-12.645158098027728
-59.22912009029016
27.90903551329472
14.177847297028803
-12.124566631707651
0.8663790261513165
2.98330584612883
25.776224202707063
16.01466426756093
9.973114753325198
24.625913734240584
23.581506104334775
18.444783898854386
12.020616938728303
20.90735474056212
-2.5191478447509033
46.61146273790585
1.5584563281001431
16.453181539492906
4.4118098612836985
8.49114725850975
19.39318873797683
-25.350216396518235
-6.6066407632807564
-62.23952436368977
-14.038473775625958
-13.070285397507874
16.208223788849246
-5.371488169379404
1.974519195124068
18.231392635601587
-4.805844098149646
9.345064379762588
-36.26693411489769
22.940152110452885
17.66063133429171
-32.10867889425104
11.650398814037576
-9.36327355221416
27.957219785666332
-60.000000000000014
17.109530806193806
17.981859700016074
-32.61497662495978
0.8912800652265229
14.260465980074194
17.133354916892564
-7.22861072567631
15.282797819846513
1.4592150495282796
-11.037976139359548
15.849046948519181
16.735721100144474
2.9890123923696486
-30.758687368394988
47.87115319782276
-19.22239116746915
-10.848508779102367
-21.72970436466115
-52.355086090186255
-25.71659771820664
8.766138612189897
2.9457144896350727
25.1848746627472
-36.29287139579087
19.185640817717335
3.351127052669308
-0.14740371153169796
5.208460129146396
8.16323883934776
2.5484609393142827
12.468569814994474
10.305715829301983
14.145397385850677
-8.28906672023025
27.906202597327965
-3.354018734670601
-23.34549452524359
24.340257037252588
5.846985577251313
-30.878496491202636
19.523910570071973
5.1504402181378675
-16.92264615125921
-0.698393564116019
15.143969449557012
18.042122726299294
17.819641374178318
24.956142312937608
24.83301711733292
16.972343440437893
29.733786256917387
-0.9213064491025471
-100.1352775013762
11.946796063409398
17.413123106138965
14.126359275163848
-25.246915641965373
-22.500118168994472
-13.531238409775199
-45.99455478563901
4.634902237988696
-41.920264678775624
11.027392633842048
-62.09981713501313
-31.3432171410485
-11.773391612192798
3.792827084583461
1.6925819318119566
24.507049475099574
-2.236285511836674
-4.3702312761914595
16.254282094032984
-4.784526254168567
24.21414371349907
-17.277513379261435
-6.305233697304597
3.661388454617581
-9.151999617519516
9.374417353780089
-18.480105011342733
12.57326670252234
-11.879310898460627
-32.790532219344165
222.73181863798854
-59.62243744135065
10.039103781427825
19.289201856923945
24.42168919684314
-30.188308308432827
22.144053812077882
16.020935727058312
0.20304533870440533
12.688437134730496
15.284432685940297
3.85609442148268
-51.50671851456611
28.807397363446245
-12.731207452169254
-0.5978547742576952
21.83280060640305
16.695184602121827
17.56017617454454
15.01968473637871
-1.1416902701241562
22.475577673229456
-26.981518822662526
18.82135181802264
-31.0163071588383
-27.506944565783172
13.39017810121833
18.71511450632832
-1.2157989857791014
-5.809255000306914
-29.8108152599277
10.27738182755868
-0.009089092979430724
-0.38031423507525997
12.895196882397451
-73.25973364803457
0.2514326318240607
-8.379141448634698
18.144280813963793
-26.127731720044828
5.782639862240461
13.459451302533811
-3.9368192402783015
23.985218508533443
-4.352266563583966
18.820906876044216
-3.493856742442304
-13.054858043568561
24.23171132704363
-6.997823405969553
-23.755840104786564
24.016511934058954
23.615843856072114
-22.97431661683592
16.235857935618274
-6.260911865491728
-27.897037849583473
-21.737108391626997
-14.442098101021665
-12.04831657064058
24.209606392511112
3.711482912304752
-1.7109136472858744
45.56382862636025
7.595437571401616
10.302631376154844
16.700794979842314
-28.2630201121139
21.011787546514647
-31.283584546349548
0.7482559138850513
-4.7054050656015125
8.508710271469006
18.873094319794802
11.197423747975103
15.563545077927612
10.680163329414423
20.561821763342657
3.331751456229528
28.805308544942562
-10.41331412508723
-7.147645486373872
15.936716037924837
1.7381997471899853
-7.491691813534149
3.278911101754524
-0.3456758631303647
15.361334288968232
14.335840792025149
-32.173226384183806
0.8263980295687947
-29.638686399322342
-13.410694902089245
-6.499755677514543
20.7097612946314
-9.958318322154838
26.816073968301588
8.50479512949433
1.384803385829216
22.31139706563696
-43.840229619135556
-10.352365119655717
-9.040916484213062
14.751690030331167
1.0576356887026743
5.187218312036972
-15.983940019124312
27.000902894143817
16.987337744998126
26.58487646770428
-21.780849322427066
8.028781973788815
-15.249999999999993
4.690938589591309
20.168397666486847
25.648426493266903
27.97083961244379
-1.9952445757629949
5.684455277689941
6.043481825002992
6.222658890707836
-89.28138704464216
2.048861990288612
31.149228912681608
0.1273657262941037
3.4060901929772944
24.851479617247016
17.206775715590712
-31.130654971433287
14.678527395421245
-4.605414064104074
27.656853770080335
-56.973416654088275
-14.481619482892661
28.83534712587056
13.072850375105872
-7.915809767798238
14.876094389783052
-37.32529931913159
9.64280692712548
-7.674611671131034
14.816648119494316
-7.930981752422501
-5.78081400921894
21.758000678081647
-3.78268080223072
-18.741904997217258
-7.199339033116598
15.916148785126044
24.309167896629972
0.39917386033174274
-3.0062695311749006
18.787598091563645
-14.471048432729383
-18.652956337832954
17.348676702917462
19.46608871790101
-11.214095432823543
-52.838493624821304
4.607204860510175
5.387144127017841
18.945929500740245
13.853590821781344
19.23669517438892
28.05085475205203
-2.9162833491802433
-0.4760742580924784
22.09557584928121
6.047062436789649
-30.62743207417305
-28.351909023506323
4.595912532640826
3.340634883503777
12.292963509595005
23.681406434434948
2.007921086630425
25.401202578276564
7.122557283415627
14.960364605368706
19.36703155701131
-6.117494521867686
-13.085501603324882
1.7458862792189418
-27.0032580715813
10.195994434524806
17.46398133575396
4.920903771924499
-45.97641541218308
13.97538844335239
12.186592483959458
-30.2860820037168
15.365377302701035
27.081667574912352
16.173743922850434
4.757346536785946
-1.958695901259063
-74.91493384437842
-28.227000449265372
-1.1610968179419299
-18.492865251415797
1.129563811929093
-58.50175101978505
23.106920343180754
-1.766371198540151
5.203852515181673
12.51456210830057
15.041574569990605
4.828755561294558
3.997329868406565
11.947016598762268
-46.177960129019404
-6.633317137812954
-29.99194315067732
2.208792118412683
-16.286773281800492
-32.16029367319492
-25.907321301083094
20.452158384690165
1.7171168771749121
-11.009288219117604
-22.645169508649346
16.185282814173164
3.1838484792157935
26.850215500470856
18.53118300207117
9.159679471510259
7.805347561342173
17.69845311901958
1.751451969102419
-23.717773340071716
8.23034049714082
18.00270493362648
20.47864706261462
-19.587516252792717
11.504569395863575
311.6867938642201
-30.42067854526388
6.534545339110754
6.419043764120657
-11.886476532782002
-14.917628908468805
17.92519215710947
23.965085947773943
12.800223141825963
-3.943323810432263
7.299521830708185
-6.814141110295808
5.768768445719782
-105.56220810232976
-9.736971152458768
-7.090864896963948
21.29865600757166
25.163726451059656
25.047348427186282
-13.162315713920835
-15.574437700023879
-2.503301512039207
6.265802401200267
-15.294192723838357
4.880398921092225
19.84250697229887
13.60794191545879
7.901497844022642
28.10008032415347
8.031713760791515
17.328815037566486
-90.30351906922837
-11.297981842485626
-44.15748442830623
-54.07302085183598
1.2587688106834274
-4.860096680419762
22.53553103666124
-8.08999061746844
24.3946899356791
-16.18958597760475
-12.156146274092976
21.94929537565175
13.127360085622774
1.2503802476378665
-0.9896847669641342
14.79110077563216
27.842747364618745
-16.36181611103152
-3.5934253747941787
-11.405141896272001
-4.815721145359383
8.225985868707987
-3.2366892789037895
29.164517557034014
-14.641517958117063
-42.30959843559099
-28.57949507216219
-45.644583757597125
-7.760855468794192
0.0022134033225582606
-12.868208014613248
-5.059079732190334
17.153482888939482
5.621369449955786
-115.16436387775443
161.44783789004876
9.719166226016268
-30.000400122829717
-57.98413602977348
-1.730636552872597
-1.8868541049145369
-105.55421133580062
4.595363018839204
-8.313523999892604
-30.902763168053184
27.16052085547819
22.975075339328107
24.26429931204999
-13.540244083978894
-4.135599915845749
2.002548216460644
7.961482128252204
6.7694485741080905
8.580859071357802
11.828376067214888
15.755670435235183
10.40163223819205
8.304509813213397
25.718747512916995
0.8030210969638287
-60.39455964834157
0.0887464536860918
7.340938488144783
4.542114751714578
-58.670276448501546
-41.30852079549711
-29.570020938318162
8.419507191920522
23.869330376861413
23.87760448797397
25.033390702370966
10.167967725841493
-5.399234541519522
-62.91348719668803
23.760597237896157
-68.6143993593277
6.6954954117149015
0.3319951209164964
0.061095837104472084
13.064540356206148
9.082341694380933
20.188745869388214
-26.033114861444197
15.529300486852513
26.865059728676318
28.68239007867016
22.42480443522917
-105.30629931604919
8.477952483326726
11.629601775399005
18.214510678150244
8.766377224601552
-22.90422343634639
3.1235063010989794
-1.5335640442873462
-0.8196739438063991
-23.89376208591126
-14.578483618504157
-8.078129828509685
15.42710824276821
24.268935870875637
6.332247752959816
5.169015498404536
21.33939543285824
10.368055462721525
-29.054347107810266
21.563587568550044
0.5420515446932053
-11.80846736780925
13.696047863872144
4.0175609135668795
13.19529935951204
4.092013038158436
13.279417457484788
17.097165204421554
-18.2825442072268
17.45409674538536
6.665877479488437
21.97844065478193
-10.20638959593119
15.03526605228301
-103.88590638228865
24.041831207121266
28.837708467284273
-74.7035051566803
-9.156650755242818
-4.789757504071217
17.615364047988972
10.784735466700617
-9.234890707926045
-57.246402371809026
177.70722611605484
23.255465846716973
14.387062803038791
19.997809098446414
-3.574545206564151
45.681326145108116
30.56384597515517
-3.448524413099854
-26.519868895047903
-53.005380718544565
-2.5279317402351005
-29.907069877245725
-11.629962448747182
-20.47707849678535
-26.759333888268866
-39.041940474633066
20.192332279186616
4.134681570527915
12.352744968455752
21.491826455542906
-2.1427078047417067
17.065889184563446
-22.370005550322475
19.992093362995515
21.46912503097887
17.350152928514067
10.240688624129824
-64.07247181934086
-8.25131662855638
371.46179599458947
-1.5585688130352804
-24.387494824554125
17.98459352425947
30.654518351378282
-31.277321949943033
29.792027041271595
26.029195572399455
11.501080147066558
-89.71848612124708
21.53509712297055
21.832957247598703
-37.32992866741529
11.791266451289655
15.101133847262057
-3.6413202545641603
273.44967573033887
-72.42081975289426
24.6683911360445
-19.202414687990668
16.512742438817245
5.15678050174777
11.623313233995809
-4.19572494150461
-18.87444354887758
4.319879706644296
12.514266107667476
14.01272314354808
-23.409948565567966
-11.403017519595913
9.214674508664206
24.90295165802821
17.703755199066023
9.48615605926613
-10.93649309247373
15.525572570220817
16.338920962140826
-15.685328702175642
1.9799211822625629
-15.442372182417788
-10.078296056723827
24.871734530478673
-3.4626847483671392
31.91487326160674
14.786863141420216
15.037636941389575
-105.71846259509049
-12.194738080537228
-8.915296002944233
-9.12592569150643
34.49653912537322
-11.578840449345153
-30.707587535211722
4.740548842819754
-10.42745816440092
28.090503028652176
4.402531114630784
-187.93142918596504
-13.459444361732839
11.645748382317969
0.1742268270020002
-8.589780050792221
14.075979322157997
3.5276315378293956
17.99747658183322
-2.7017673198432837
-0.8438842991452447
7.118279887542614
24.715264179571626
11.275938533716666
4.294883620678849
17.64916036058615
73.73007666481621
8.75560508132195
-14.837170669200418
28.387146969795243
-30.484606351593403
3.7827109705213227
28.889016229039438
-20.7340085218098
18.642130324302414
0.5638185365318023
-150.59764569953438
-9.488331869074466
18.40940270331012
8.368339204433536
21.376345390821363
-1.9833226926048897
-91.18348164608861
8.605002664702257
10.16232762797869
-10.342246381029373
33.19750155614611
22.371177149612606
-6.729188102534641
14.724816227295612
174.88934467068697
-2.690759926382931
0.6236370166035976
-72.06270132574687
2.3416039252262246
-26.802777598716325
30.164630017484175
-3.796789040746765
-60.79457470854074
-24.072554665186008
17.52104843643186
22.257359122607696
-29.442961374936637
-11.232163438362596
21.044183972148303
20.298812577540307
19.92973264908052
10.141402888738824
-2.372879062389007
3.4129134233687517
-30.976525987513806
11.869757157495632
386.7333697217164
-13.954842475404742
-3.329459954202949
-8.444017845592207
-17.951105657400067
4.672069098063339
27.519547238002303
-27.491798542844982
-61.350972752116625
1.8913078205851206
-6.705300973917996
-9.346352216269327
29.970803335394145
15.978006037202329
-6.040764605108606
8.386077988559617
21.26193397767733
-2.323762054080534
-74.62709610661722
-5.551956441892863
-18.20043046706353
13.586443643337782
0.17983155471295098
-45.0260362743369
12.394364241544306
45.21023985148489
0.11694900772728323
-32.11202274948125
7.139703701669507
-11.680045926652404
49.18480920304951
59.24258064894033
-15.125839858761452
20.897728984684854
14.930387071407813
-37.610953414836466
19.641814986035268
399.319328234881
13.305770182459336
21.12175330497329
19.207080038427527
17.38119382226518
16.592842856735835
-6.432368227995222
-44.79312845664202
-8.67175971430165
42.05311011943411
-14.975132427160965
18.889909070314992
44.48243602210899
-10.949509933090095
23.940837414124918
11.160753976840407
7.856010107949524
18.710370921913082
29.100041285747558
14.820025331920872
-15.934465070448837
-13.688773195037097
-28.57150391039413
-25.437365597813756
11.26737929321569
-20.329703404660627
-29.981797400811487
-1.7695869287232808
15.56215037864683
-7.89349564007021
15.140630234216351
4.29948333629635
-18.475434419946236
-0.9967422378696555
2.709646522059572
24.41551397957737
4.481795057392322
16.955606782322587
-12.6560154351907
-5.391980497701192
28.904146668279466
24.628308185692955
-5.100463113216637
23.776600462254418
19.75790724537774
-31.392602971989085
-57.91834921574818
16.555945628222933
21.955642045632334
-16.644661508000326
-12.434258573760069
-61.58973316477388
-86.19438667211047
-15.016877372946142
-23.581072995423767
-102.98023670986218
34.32959933600617
-28.701640093479607
-13.604924795469783
-10.89197465829562
27.164803541982533
-4.632481316587032
-41.39350713295127
-19.344457979577246
14.256476529613055
-7.097766873915939
6.183654493100796
-2.891838114043849
15.99534919206077
19.123207803980346
13.172719125530511
18.854738858891967
341.14339975661585
-15.043392743764432
-30.256673130567027
-16.235293572204455
18.40695620185037
-8.487118354101677
21.34499971162665
-9.917860917460526
32.21379779276095
14.886150148553787
-89.81472526663858
0.5118353150155786
31.70056936365852
-6.816969121713912
8.994593800987955
-27.270238616151122
-1.7462175971471767
11.852254862085395
19.96598466631902
13.305825213897798
-9.567764697687982
-26.286033093558462
18.540212040494286
-67.80363334455235
13.519071319024498
-11.331258721274054
23.473935409167602
-25.874717844583188
26.26074340534677
11.67705075145921
-6.7652712153840895
21.19426374378713
-15.249999999999998
7.6005414690013655
18.69498110508712
5.268712859174487
29.02225934128972
6.3163299043651655
4.327774971999933
16.064274526444553
22.658238272364844
15.209265246325213
26.053001195338346
-104.6107749110771
-27.98069277657351
-56.37714654402262
-42.22931676894074
-5.16243869337966
28.01008244809936
20.30835716598195
8.596106100590372
1.7885581205285899
18.47992189502921
-32.80516941533262
-1.5487679344381169
-14.607204564144316
-22.028764682577545
28.705026244158482
22.43048374573032
21.530411268310083
31.32775415263251
19.432902039814035
25.84674941331918
15.660735554889595
33.81556838894336
36.285591726946016
-9.359673203745505
15.581429779061546
-6.8240045206611235
-2.2070085893917795
2.959953612699884
-1.2504555259564398
13.806973171736423
35.2279356965924
19.05968481905438
-4.931238929939868
3.4981784264387046
-0.08824041614734579
-5.654541802475063
-27.79020169146922
16.196623892610802
-9.039005205582706
-26.541659356948735
-37.23475643934863
12.256253857948106
0.13025358116531516
17.428919322798752
36.40358821017607
-5.2354110170050365
21.545763091178923
-9.527725354968263
-49.60235165269558
-20.64806222872515
18.753071830181785
-60.25106768831406
-42.52050046523388
-46.153370302313085
0.8580227582865012
-11.955499444943667
37.47531709954518
14.086633676216996
34.73669783505416
21.28772838117721
33.170708113994976
-13.448757560854403
9.768773729023087
18.141324546020165
29.956915873985853
-0.4399575337789443
-1.6931436998533131
22.86108930204317
17.906870040737648
-43.90956068223576
-28.674709867216972
70.85065780660608
1.450417475493576
-15.384065350355597
-31.113887178078734
237.82031014567772
16.245624810465998
-3.087151221892937
23.006598810705277
5.589212177748945
-17.081615249912147
-4.265988283628793
28.825760795221157
25.46722946140716
15.49581536773091
-70.86487340835859
-16.732482883944407
2.942278101078073
15.127562911780888
14.00591154406926
37.42149642257752
-89.36096851791118
21.697763701767787
-0.7172273632920565
5.431129419176745
35.11922260547014
-23.650120439910566
0.4844557431825045
11.870791644436784
-25.67535113590426
16.907170473931906
40.08962902514434
-44.82232856438723
119.74990159039304
-24.75222277625134
18.324737985909536
-9.834151039212014
8.321782648276544
3.985573629483696
36.38737334668819
13.380393403177866
34.42503857678393
21.4030404438837
-96.93161168446238
-3.685362756946946
16.581381355578884
18.244990478047598
14.724262202954204
-10.503560316800991
-17.624131597422448
-16.457360285299508
23.24735681551725
76.93999195732624
1.2124584298894607
-16.895091124393318
16.99111919089073
-64.75512208570909
-8.724430894818825
-1.3220147592323819
6.323064725888173
-19.636117815719132
6.0474359991406725
-37.005461220149286
26.00319186611532
16.28311663602489
7.494681385151612
1.6628840646303917
-60.746418690878656
-25.77876355878613
339.88378980937614
-16.6144614788748
24.091017366515565
18.694765837561178
30.38462210964877
17.94657262594478
25.06792719327767
16.36805400927551
-62.46509243967214
0.5925219768440484
-3.158261006997414
9.180869321724336
