-0.0250332839787, 37.8002090454, 2.83787703514
0.0469442866743, 40.4584655762, 2.83777713776
-0.0451471880078, 36.9567527771, 2.83768749237
0.0230047442019, 42.1304550171, 2.83759307861
0.00828557740897, 40.3599357605, 2.83754253387
0.0313316434622, 40.064956665, 2.83749389648
-0.0213511139154, 37.0762863159, 2.83743810654
-0.0215025618672, 38.6846542358, 2.83739757538
0.00862754601985, 47.0766983032, 2.8373439312
-0.004205590114, 46.9842414856, 2.83730649948
0.0418249741197, 50.383102417, 2.83727121353
-0.046690389514, 43.2760772705, 2.83724522591
0.0132832927629, 47.6250991821, 2.8372220993
-0.0529891401529, 44.3293914795, 2.83720350266
0.0244964323938, 48.6679763794, 2.83718514442
0.0131104830652, 45.5804290771, 2.8371629715
0.0305060986429, 42.5732040405, 2.8371553421
-0.0462362468243, 39.1689910889, 2.83714079857
0.000420430675149, 41.3247489929, 2.83711910248
0.0146407485008, 42.5383987427, 2.83709549904
0.0521118342876, 44.1318359375, 2.83707284927
-0.013548316434, 40.0866775513, 2.83703374863
-0.0488925129175, 38.5133857727, 2.83700609207
0.00741528719664, 41.1551055908, 2.83696985245
0.0276129618287, 39.664024353, 2.83694148064
-0.0656096339226, 34.2163085938, 2.83693361282
0.0186160672456, 38.7976531982, 2.83691501617
0.0185133386403, 38.2023658752, 2.83690071106
0.020432729274, 38.7447776794, 2.83689785004
0.0121792871505, 36.9764480591, 2.83689641953
-0.0232046917081, 36.3639450073, 2.83689928055
-0.0135728605092, 36.9455184937, 2.83691072464
0.0315485075116, 35.6106987, 2.83692264557
0.0089751239866, 32.7816467285, 2.83692312241
0.000276256352663, 35.9639549255, 2.83693480492
-0.0411587879062, 33.1496505737, 2.83694791794
0.0231545269489, 36.3143081665, 2.83696269989
-0.0179919451475, 32.7209243774, 2.836977005
0.00777315720916, 34.5251235962, 2.83698749542
-0.0165517944843, 31.8481140137, 2.83699512482
-0.00835729297251, 36.9003562927, 2.83701086044
-0.0212322846055, 35.609577179, 2.83703017235
0.0112560875714, 37.6568145752, 2.83703637123
0.0173037480563, 37.6843109131, 2.83705329895
0.0269536375999, 37.6437950134, 2.83707284927
-0.015817573294, 35.2846183777, 2.83709812164
-0.0199169553816, 35.0994262695, 2.83711957932
0.00363096222281, 36.6318511963, 2.83714699745
0.00327995792031, 34.0628089905, 2.83716583252
0.00337208854035, 31.0654411316, 2.83718824387
-0.0352309010923, 32.9003334045, 2.83721256256
0.0273435339332, 34.2391777039, 2.83722639084
-0.00771921360865, 32.8365974426, 2.83723163605
0.0127262892202, 33.7805709839, 2.83722877502
0.0229407604784, 33.5705299377, 2.83722114563
-0.0345214381814, 28.9397029877, 2.83721256256
-0.0642177015543, 29.1347751617, 2.83721113205
0.0267505943775, 33.3163757324, 2.83720898628
0.0209111962467, 31.058467865, 2.83721160889
0.0146329067647, 32.3665390015, 2.83721113205
0.0241024121642, 32.4544181824, 2.83720946312
0.0234465152025, 31.4425621033, 2.83720755577
-0.0255543459207, 28.3766784668, 2.83721637726
-0.0284770093858, 28.8966636658, 2.83721470833
0.00609258003533, 29.6908798218, 2.83721184731
-0.0286735408008, 26.0063171387, 2.83720493317
0.0479757152498, 28.6003665924, 2.83719325066
-0.0261930637062, 26.3632583618, 2.8371796608
-0.00949332956225, 26.6566486359, 2.8371617794
0.0189034752548, 27.4441719055, 2.8371348381
-0.0438162721694, 25.8378734589, 2.83710813522
0.02972952649, 26.2689743042, 2.83707618713
-0.0234886296093, 23.2822208405, 2.83704948425
0.0556698925793, 26.0532474518, 2.83702301979
-0.0383559279144, 21.7362442017, 2.83700227737
0.00516443140805, 23.6097679138, 2.83697462082
-0.0217890646309, 22.6585006714, 2.83694148064
0.00382716953754, 23.2226028442, 2.83689594269
-0.0404601618648, 20.8875179291, 2.83685874939
0.0518210679293, 24.0625724792, 2.83682060242
-0.0444997511804, 18.846452713, 2.83678150177
0.0587365925312, 23.748134613, 2.83676171303
0.0274686440825, 20.0704307556, 2.83674860001
-0.043919634074, 17.628780365, 2.83673286438
-0.00205183215439, 19.7594928741, 2.83671426773
-0.050016053021, 19.3217964172, 2.83670401573
0.0191371683031, 18.9666004181, 2.83669567108
0.0258731544018, 19.6166934967, 2.83670043945
0.03323180601, 17.5660705566, 2.8366985321
-0.0473647899926, 16.4347743988, 2.83670091629
-0.0112771093845, 16.9079971313, 2.83668899536
0.0238666515797, 17.0495948792, 2.83669090271
0.00394268147647, 16.6930961609, 2.83669495583
-0.0255164913833, 15.1704692841, 2.83670186996
-0.0167617816478, 16.5598049164, 2.83669710159
0.0320620499551, 16.2290229797, 2.83669662476
-0.00932760164142, 13.6752357483, 2.8366932869
0.00945189967752, 13.5766334534, 2.83669161797
0.028667692095, 15.1280193329, 2.83668279648
-0.0300971511751, 12.4692745209, 2.83665847778
-0.00898457691073, 13.2385530472, 2.83663272858
-0.0041101006791, 13.8028459549, 2.83660316467
-0.0072880377993, 12.9459190369, 2.83657217026
0.0159947052598, 13.7341241837, 2.8365445137
0.00952319428325, 15.9658784866, 2.83650445938
-0.042524240911, 16.6572360992, 2.83646297455
0.0231636986136, 15.4254665375, 2.83642292023
0.00978339836001, 14.4838962555, 2.83637905121
-0.00455403374508, 15.0360803604, 2.83633422852
0.0296637266874, 15.9785747528, 2.83629226685
-0.0562410205603, 15.8539609909, 2.83623790741
0.0256715230644, 15.0657329559, 2.83618545532
0.00986890587956, 15.8809680939, 2.8361287117
0.0216469764709, 14.49817276, 2.83608388901
-0.0524175576866, 15.8680648804, 2.8360388279
0.0200346652418, 15.1409387589, 2.83600068092
-0.00462412089109, 15.0780611038, 2.83596611023
0.0139150246978, 16.4619846344, 2.83592987061
-0.0450708009303, 13.6278371811, 2.8359003067
0.033369474113, 14.9356889725, 2.8358643055
-0.0064363386482, 11.849108696, 2.83583331108
-0.0328461229801, 10.1391849518, 2.83580541611
0.0191096570343, 11.1350688934, 2.83577370644
0.019364092499, 10.2079191208, 2.83574819565
-0.0615844577551, 9.93632316589, 2.83571743965
-0.0326614044607, 10.3648204803, 2.83570241928
0.0430844314396, 10.7162485123, 2.83567595482
0.0478543564677, 11.3172101974, 2.83564519882
-0.0314735323191, 9.83992958069, 2.83561134338
0.030010137707, 10.8437547684, 2.83558034897
0.0183156151325, 10.6886062622, 2.83554983139
-0.0176910310984, 9.79131793976, 2.83551549911
0.0168436765671, 10.3950052261, 2.83548998833
0.018188662827, 10.6173210144, 2.83547019958
-0.0199052244425, 9.58238506317, 2.83544778824
-0.0169640369713, 9.7686214447, 2.83543539047
0.0265066344291, 9.66192150116, 2.83541750908
0.0195298567414, 8.63662338257, 2.83540773392
-0.0149789303541, 7.97144985199, 2.83541059494
-0.0327512472868, 8.39199829102, 2.8353934288
0.00509762763977, 9.07702064514, 2.83538961411
0.0158188547939, 8.55206489563, 2.83538174629
0.001490265131, 7.44833612442, 2.83537578583
-0.0260831471533, 8.72052288055, 2.83536529541
0.0219086389989, 8.35252475739, 2.83536744118
0.0240271613002, 7.3145532608, 2.83537626266
-0.0514711588621, 7.75838804245, 2.83536815643
0.00511192670092, 7.74280261993, 2.83535957336
-0.00935367494822, 7.30743837357, 2.83534455299
-0.0254299677908, 7.50427627563, 2.83532238007
0.0213426090777, 7.90837478638, 2.8352856636
0.0108032636344, 7.63819980621, 2.83525514603
0.00399116054177, 16.3223514557, 2.83523130417
0.00280285254121, 13.5860214233, 2.83521413803
0.0024177217856, 14.5527935028, 2.83519268036
-0.00762669369578, 15.6481571198, 2.83515834808
-0.0304286815226, 14.8367900848, 2.83511948586
0.00999555550516, 13.5292339325, 2.83506250381
-0.00657049193978, 15.6253852844, 2.8350148201
0.0260000266135, 14.0748758316, 2.83496642113
0.00498362677172, 17.9835357666, 2.83492445946
-0.016089618206, 17.2760715485, 2.83488345146
0.0192524604499, 17.1177539825, 2.83484530449
-0.00880326703191, 14.6304035187, 2.83481049538
0.0844233036041, 15.3155040741, 2.83477687836
-0.0420946106315, 16.1049804688, 2.83474469185
-0.0231887288392, 16.7484169006, 2.8347158432
-0.0229969862849, 16.8949508667, 2.83469200134
-0.00783771276474, 12.9701938629, 2.83465909958
-0.0101038953289, 14.3990077972, 2.83462333679
0.0162647590041, 13.9958782196, 2.83459281921
0.00108367577195, 12.2899808884, 2.83456230164
0.0472046434879, 13.0199794769, 2.83454585075
-0.0578633546829, 13.7188930511, 2.83453369141
0.0197204165161, 11.8876047134, 2.83451890945
-0.0111811291426, 14.4433670044, 2.83450913429
-0.0138541217893, 10.3047266006, 2.83450222015
-0.0287432800978, 11.4891710281, 2.83450031281
0.00999562256038, 10.0783500671, 2.83448553085
0.0320468023419, 10.3273677826, 2.8344707489
0.0128214610741, 10.4945468903, 2.83447170258
0.00226600654423, 9.90556049347, 2.83448028564
0.00996152963489, 10.7342729568, 2.83447885513
-0.0301457941532, 10.3558101654, 2.83447647095
-0.03362596035, 10.9749574661, 2.8344707489
0.0361798219383, 10.2720069885, 2.83445262909
-0.016680708155, 10.6485624313, 2.83443856239
0.0131747806445, 9.4621925354, 2.83443832397
0.0580417998135, 10.6363782883, 2.83443307877
0.000808299519122, 10.1519317627, 2.83442401886
-0.0275052450597, 10.7954759598, 2.83441495895
-0.0346117913723, 8.87077713013, 2.83440208435
-0.0121631855145, 12.3913269043, 2.83438491821
0.00574615783989, 10.8830881119, 2.83436489105
0.0308016203344, 11.1564216614, 2.83433961868
-0.0238054729998, 11.5161743164, 2.83431267738
0.00386588741094, 10.7294511795, 2.83428931236
-0.0496277287602, 11.6584243774, 2.83426427841
-0.0100065758452, 12.8870410919, 2.83423423767
0.0527302771807, 10.0891819, 2.83420825005
0.0168736055493, 18.4596672058, 2.83418154716
-0.0167247056961, 16.765253067, 2.8341550827
0.0173989757895, 16.8351707458, 2.83413004875
-0.0176171790808, 18.3360004425, 2.83409976959
0.024892937392, 19.6975975037, 2.83407115936
0.000839699991047, 16.6081218719, 2.83403539658
-0.0282106548548, 15.4424934387, 2.83399820328
-7.93812796474e-05, 17.6510047913, 2.83396673203
0.0201209783554, 12.9808187485, 2.83393573761
-0.0170481055975, 13.1909770966, 2.83390188217
-0.0253238100559, 12.8991775513, 2.83385419846
0.021955113858, 13.6177024841, 2.83380365372
-0.030262298882, 11.735660553, 2.83376169205
-0.0081836655736, 13.1269664764, 2.83372592926
0.0304919853806, 13.5703697205, 2.83369135857
0.00679832231253, 13.6350393295, 2.83364629745
-0.00652424152941, 13.0595932007, 2.83358836174
-0.025019466877, 12.4800262451, 2.83353233337
0.0597066171467, 11.774187088, 2.83347558975
-0.025471219793, 12.0028152466, 2.83341598511
0.0092033483088, 14.1438407898, 2.83335828781
-0.0284349620342, 11.499792099, 2.83330845833
0.0104358624667, 10.9323549271, 2.83325147629
0.00985836051404, 11.5903396606, 2.83319115639
0.00154027715325, 5.62341070175, 2.83313703537
0.0193030200899, 5.57776594162, 2.83308410645
0.0328414067626, 5.21580982208, 2.8330373764
-0.0542604587972, 4.68998241425, 2.83299469948
0.00352189317346, 4.9885559082, 2.83294534683
-0.00546408444643, 5.46259880066, 2.83289933205
-0.0112893469632, 4.86966705322, 2.83284640312
0.0108649646863, 5.39749288559, 2.83280062675
-0.0196341909468, 6.40127086639, 2.8327498436
-0.010368578136, 5.55184268951, 2.83270549774
0.0170333776623, 5.89311933517, 2.83266639709
0.0153181571513, 5.64724636078, 2.83262252808
0.00254276487976, 5.52060365677, 2.83258724213
-0.0361402109265, 6.4038438797, 2.83255004883
0.0397589728236, 5.11702537537, 2.83251738548
-0.0101044662297, 5.38643360138, 2.83249044418
0.035410746932, 9.4106092453, 2.8324611187
0.0183255411685, 11.1169815063, 2.8324239254
0.00548181030899, 11.166059494, 2.83239650726
-0.0592541322112, 10.6876220703, 2.83236551285
0.00607716664672, 8.90684223175, 2.83233547211
-0.0217934921384, 11.1142940521, 2.83230304718
0.0296978279948, 9.793633461, 2.83227872849
-0.0162082388997, 12.0779047012, 2.83225536346
0.00905219465494, 7.82525444031, 2.832228899
0.0054025426507, 7.93786525726, 2.83219337463
-0.0131010338664, 8.25945281982, 2.83215808868
-0.00148788816296, 7.92935609818, 2.83211874962
-0.0134600326419, 7.7720375061, 2.83208394051
-0.00712129659951, 7.75335216522, 2.83203959465
0.0682562142611, 8.13712501526, 2.83198666573
-0.0497916787863, 7.69780158997, 2.83194160461
-0.0130957067013, 7.9118938446, 2.83189988136
-0.00736241601408, 8.57020664215, 2.83185315132
-0.0207296870649, 8.18795967102, 2.83181333542
0.0404366180301, 9.05200004578, 2.83177375793
-0.0113541837782, 7.85184860229, 2.83172607422
-0.0128890108317, 7.81843709946, 2.83167743683
-0.016077471897, 8.82406044006, 2.83162689209
0.036179125309, 8.69331932068, 2.83157706261
-0.00963777303696, 15.3590240479, 2.83152747154
-0.0266071874648, 14.4096221924, 2.8314871788
0.0106804436073, 13.0123996735, 2.83144140244
0.0255213174969, 11.7610139847, 2.83139133453
0.00425507454202, 13.3058156967, 2.83135008812
0.0443088077009, 14.5178003311, 2.83131694794
-0.00938837043941, 12.5968770981, 2.83128786087
-0.0410740226507, 13.4827346802, 2.83126354218
0.0187604725361, 5.97086811066, 2.83122491837
0.0068530254066, 6.16452503204, 2.83118534088
-0.00992103293538, 5.8185172081, 2.83114600182
-0.0149186421186, 6.83550310135, 2.83110356331
-0.00383217586204, 6.80401134491, 2.83106923103
0.00219856621698, 5.5757651329, 2.83104562759
-0.00918133743107, 4.96008396149, 2.83102250099
0.00745323672891, 6.87360334396, 2.83099579811
-0.00254835560918, 8.59567451477, 2.83096027374
-0.0157149024308, 8.70904254913, 2.83091974258
0.0189916156232, 9.41707611084, 2.83087015152
0.00164461042732, 9.29134464264, 2.83081865311
0.0246723908931, 9.96625137329, 2.83077931404
-0.00854151509702, 8.45220565796, 2.83073306084
0.00841239839792, 8.87706184387, 2.83068418503
-0.0303434897214, 7.72842168808, 2.83064842224
0.0267938785255, 7.96321153641, 2.83061528206
-0.0356440097094, 9.32890129089, 2.83058357239
-0.0385546535254, 10.1112508774, 2.83054900169
0.0450195670128, 10.692150116, 2.83051466942
0.00626067724079, 10.688085556, 2.83049345016
0.00230637937784, 9.30352115631, 2.83047485352
0.0600433386862, 10.9581575394, 2.83045196533
-0.0649137794971, 6.97747182846, 2.83043479919
0.0015765093267, 4.57072067261, 2.83041810989
0.04342032969, 5.24984121323, 2.83041095734
0.000362040940672, 5.85495662689, 2.83039903641
-0.0466511622071, 5.72955083847, 2.8303809166
0.0128880972043, 5.39934682846, 2.83036136627
-0.0182052701712, 5.65865898132, 2.83034324646
-0.0190742276609, 4.91755151749, 2.83032274246
0.0218014214188, 4.82316923141, 2.83030295372
0.0419039316475, 3.31268978119, 2.83028411865
0.000960638280958, 3.93125891685, 2.8302526474
0.00514136813581, 3.38342404366, 2.8302283287
-0.0487737357616, 3.74761748314, 2.83019971848
0.000910243019462, 3.34247303009, 2.83017396927
0.0385659635067, 3.92767763138, 2.83013629913
-0.0409793332219, 3.53182005882, 2.83010458946
-0.00177755951881, 3.09180736542, 2.83007192612
0.0208459943533, 7.9482884407, 2.83003687859
0.0300048179924, 9.60605812073, 2.83000636101
-0.0250608772039, 9.85494041443, 2.82998394966
-0.0255515594035, 10.408706665, 2.82996106148
0.0119333779439, 10.6829299927, 2.82994413376
0.0173543542624, 9.20887374878, 2.82992386818
-0.0136415427551, 8.74485301971, 2.82991027832
-0.0177701599896, 8.78848266602, 2.82991170883
-0.0496088005602, 9.37344455719, 2.82991123199
-0.00261065084487, 8.24147033691, 2.82991123199
0.0148439109325, 7.21767282486, 2.82991838455
0.0369360819459, 6.61678409576, 2.82991695404
-0.0439822226763, 5.99352169037, 2.82992315292
0.00600478705019, 7.43213653564, 2.82992529869
-0.00884096231312, 7.73777961731, 2.82992935181
0.0450748205185, 10.0242643356, 2.82992625237
0.00358048453927, 12.5230121613, 2.82994055748
-0.0422254763544, 14.3935489655, 2.82994890213
0.0421022363007, 13.2494115829, 2.82996058464
-0.0052408920601, 13.4407157898, 2.82998204231
-0.00517315417528, 12.418170929, 2.83001184464
0.0134908976033, 11.5979471207, 2.83003568649
-0.000526019372046, 15.49305439, 2.83007574081
-0.0079432502389, 12.7596883774, 2.83010959625
0.0314583256841, 12.904296875, 2.83014702797
0.0307946130633, 14.1679811478, 2.83017587662
-0.0272692684084, 15.6503324509, 2.83019399643
-0.0350320376456, 15.3365020752, 2.8302025795
-0.0233549978584, 14.1729879379, 2.83021879196
0.0519576221704, 13.2823963165, 2.8302192688
-0.0231201015413, 13.6812887192, 2.8302230835
-0.00905058719218, 15.656457901, 2.83021640778
-0.00229123514146, 6.86430740356, 2.83020710945
0.0261713340878, 6.94993686676, 2.83020377159
-0.0304698348045, 6.38993835449, 2.83020067215
0.00528996810317, 6.83084583282, 2.83019828796
-0.0141058033332, 6.82503700256, 2.83018350601
0.00131599092856, 6.0842628479, 2.83018445969
-0.0203970428556, 6.59874105453, 2.83018398285
0.0316151157022, 7.10658550262, 2.8301692009
0.0435901023448, 5.4682507515, 2.83015441895
-0.00868333876133, 4.34034538269, 2.83014965057
-0.0183375384659, 4.44825935364, 2.83013629913
-0.0136179504916, 4.27010059357, 2.83012342453
-0.0230745151639, 3.99070119858, 2.83010959625
0.0373647063971, 4.88303518295, 2.83008813858
-0.0278797708452, 4.74706697464, 2.83007287979
0.0105268806219, 4.62052297592, 2.83005142212
-0.0124508263543, 7.89286184311, 2.83003807068
0.00438294000924, 6.01392459869, 2.83002614975
-0.00451646279544, 5.89712238312, 2.83002233505
0.0111731458455, 5.73292732239, 2.8300101757
-0.045473575592, 6.31942176819, 2.82999610901
-0.0268812272698, 5.31988954544, 2.82998538017
0.0318612232804, 6.63548374176, 2.82997465134
0.0406296625733, 6.89871788025, 2.82996559143
0.0258869677782, 8.22247314453, 2.82994699478
-0.00181224942207, 7.51942586899, 2.82992744446
-0.000294957309961, 8.50991821289, 2.82991504669
-0.0243776272982, 8.96406841278, 2.82990646362
0.00409576948732, 9.1741476059, 2.82990312576
-0.0434529930353, 6.64173126221, 2.8299036026
-0.0164652597159, 7.810090065, 2.82989740372
0.0527406036854, 9.09701251984, 2.82989120483
0.0280428063124, 5.62676239014, 2.82989668846
-0.0215399675071, 3.72862505913, 2.82990264893
0.0117492508143, 5.6087975502, 2.82991790771
-0.0181354098022, 5.59752082825, 2.82991933823
0.0307834520936, 5.48320055008, 2.82992625237
-0.00941770896316, 5.05407094955, 2.82993125916
-0.0363106094301, 4.63752698898, 2.8299305439
0.0153531581163, 5.14290952682, 2.82993984222
-0.0678401365876, 4.74041748047, 2.82994556427
-0.011837143451, 4.79491519928, 2.82994651794
0.039310682565, 4.58866405487, 2.82994031906
0.0432206355035, 5.68460607529, 2.82992267609
-0.00333163887262, 5.05211830139, 2.82992219925
0.00303682684898, 4.44431209564, 2.82992267609
-0.00999673828483, 5.0470867157, 2.82992696762
0.00958355795592, 5.2162566185, 2.82992744446
0.0423777475953, 14.3537397385, 2.8299202919
-0.0705590769649, 11.2021045685, 2.8299202919
0.061573036015, 12.5705394745, 2.82990598679
-0.0336569175124, 11.1816196442, 2.82988739014
0.0344115272164, 13.1464729309, 2.82986450195
-0.0288469772786, 9.91839981079, 2.82984852791
-0.0371478870511, 11.0460710526, 2.82983136177
0.0292214434594, 14.219660759, 2.82981348038
-0.00663231220096, 4.27411794662, 2.82977437973
-0.000356285367161, 4.56202125549, 2.82974672318
0.0243371576071, 4.49385881424, 2.82970166206
-0.00793601386249, 4.28535938263, 2.82964038849
0.00717212073505, 4.57208538055, 2.82959890366
0.0155170736834, 4.19887447357, 2.82955932617
-0.00752538954839, 4.36415195465, 2.82951641083
-0.016521114856, 4.54731607437, 2.82947707176
0.0506183356047, 5.28839874268, 2.82944345474
-0.00371338240802, 4.49211025238, 2.82939958572
-0.0147518776357, 5.31221580505, 2.82935476303
-0.0324329137802, 4.70847606659, 2.82930994034
0.011734851636, 4.66203641891, 2.82927274704
0.00517734512687, 5.63483810425, 2.8292453289
-0.0409828349948, 3.87136173248, 2.82920217514
0.0232651736587, 5.38183641434, 2.82916665077
0.0161100681871, 6.56481838226, 2.82913684845
-0.0390925779939, 5.44546604156, 2.82909584045
0.069958075881, 7.56952857971, 2.82904815674
-0.0443339496851, 5.82924842834, 2.82900381088
-0.0180139616132, 5.90064096451, 2.82896900177
0.0378759801388, 7.39445781708, 2.82892847061
-0.0379905849695, 6.2907075882, 2.82889127731
0.0198072195053, 5.65740346909, 2.82884836197
-0.019788544625, 5.46835899353, 2.82880496979
0.00333449244499, 7.71698284149, 2.82876563072
0.0134484469891, 6.24305295944, 2.82873606682
0.00210282020271, 6.20920324326, 2.82870054245
-0.0827587768435, 7.05355453491, 2.82866501808
0.00872189551592, 6.57680654526, 2.8286242485
0.0299603901803, 5.63612413406, 2.82858538628
0.0416586101055, 6.13021945953, 2.82855200768
0.0405490733683, 5.45216083527, 2.82852506638
0.0114998323843, 6.33642864227, 2.82850790024
-0.0222347732633, 6.01220560074, 2.82848739624
-0.0315678268671, 5.89449214935, 2.82847356796
-0.00118179898709, 6.29248714447, 2.82844924927
0.0514551103115, 5.51135349274, 2.82842826843
-0.030385453254, 5.29962968826, 2.82840824127
-0.024072881788, 6.52999973297, 2.82838582993
0.00368485599756, 3.02161836624, 2.82835555077
0.0471080094576, 3.91647219658, 2.82831811905
-0.0118069238961, 4.36323976517, 2.82829475403
-0.0365498103201, 3.32342815399, 2.82827472687
-0.0231890007854, 3.18245029449, 2.82825899124
0.0062997341156, 3.97456121445, 2.82825016975
-0.0032391063869, 3.46103715897, 2.82823801041
0.0184957496822, 3.7064037323, 2.82824206352
0.0116452192888, 3.39175343513, 2.82823586464
0.0479685030878, 3.25920844078, 2.8282289505
-0.0127943074331, 3.31086730957, 2.82822465897
-0.0472593940794, 2.99599027634, 2.82821655273
-0.00160783901811, 3.08516001701, 2.82821059227
0.000373214483261, 2.8310956955, 2.82820081711
-0.00677387416363, 3.29013085365, 2.82819271088
0.00588591629639, 3.65364313126, 2.82818317413
0.0358425714076, 2.62514781952, 2.82817816734
0.0173737648875, 2.15948319435, 2.82816195488
-0.0257856026292, 2.28182029724, 2.82814240456
-0.0273080766201, 2.29069662094, 2.82813501358
-0.0154838403687, 2.00271296501, 2.82813835144
0.00553855346516, 2.61025547981, 2.82814311981
0.00726241711527, 2.4573059082, 2.8281481266
0.00174841657281, 2.05904722214, 2.82815122604
-0.010146824643, 4.90085887909, 2.82814955711
0.0214980691671, 6.38617181778, 2.82814311981
-0.0170057024807, 4.44480133057, 2.82813572884
0.0048857126385, 5.82487678528, 2.82812547684
-0.00698929373175, 4.58286762238, 2.82812023163
0.00281565473415, 5.45318984985, 2.82810711861
0.029047191143, 6.02842855453, 2.82809495926
-0.0260746330023, 4.96016979218, 2.82808446884
0.00960104446858, 7.4598698616, 2.82807731628
-0.0332319736481, 6.46823596954, 2.82807254791
-0.00655392184854, 7.11083745956, 2.82806301117
0.0273330956697, 6.31417560577, 2.82805895805
-0.0149593036622, 6.71988487244, 2.82805538177
0.0393811687827, 7.23203659058, 2.82804942131
-0.0387661010027, 6.1543636322, 2.82803583145
0.0143900047988, 6.63412857056, 2.82802605629
0.0117035442963, 5.27512788773, 2.8280210495
-0.042315043509, 5.43599796295, 2.82801532745
0.039520394057, 7.0513086319, 2.82800841331
-0.00580187980086, 5.66819763184, 2.82800674438
-0.00307603273541, 6.86840724945, 2.82800912857
0.00868812017143, 6.4606385231, 2.82800555229
0.0175159666687, 4.54150247574, 2.8280081749
-0.0213338751346, 5.01924943924, 2.82801270485
0.0117860995233, 9.14713096619, 2.82801246643
-0.0352987647057, 8.78299427032, 2.82801032066
0.0257969647646, 8.44870281219, 2.82800889015
-0.00234703440219, 7.46323871613, 2.82799839973
0.0507686436176, 7.78658771515, 2.82798051834
-0.0046699475497, 9.01414966583, 2.82796025276
-0.000269358046353, 8.1131401062, 2.82794141769
-0.0436173714697, 8.76559257507, 2.8279132843
-0.0276017263532, 7.88932752609, 2.82789301872
-0.0255041774362, 7.73290681839, 2.82787370682
0.0158029645681, 9.19779586792, 2.82785129547
0.037094719708, 8.01791763306, 2.82783651352
0.0441391840577, 7.77987957001, 2.82781839371
0.00565360626206, 8.86044120789, 2.82781505585
-0.00444022472948, 7.97269773483, 2.82779788971
-0.0481474101543, 7.8344745636, 2.8277759552
-0.0499921664596, 3.50761818886, 2.82775259018
0.0225419607013, 2.80640244484, 2.82772779465
0.0534997135401, 3.98554968834, 2.82770776749
-0.0268183164299, 2.62154912949, 2.82769322395
0.0467135868967, 3.30792784691, 2.82767724991
-0.0339762941003, 2.67085623741, 2.82767152786
-0.0189060717821, 3.74204421043, 2.82766890526
0.00288275629282, 3.20430588722, 2.82765984535
0.0126868803054, 4.46745824814, 2.82765054703
0.0290715750307, 4.49731826782, 2.82766056061
-0.0439795926213, 4.97517347336, 2.82766199112
0.00213128887117, 4.62054538727, 2.82765698433
0.0292420871556, 5.92318630219, 2.82765173912
0.00263398047537, 4.3694190979, 2.82765197754
-0.0287599004805, 4.24563837051, 2.82765173912
-0.00336591061205, 3.8033747673, 2.82765817642
0.027338668704, 6.79978942871, 2.82765769958
-0.0117196328938, 7.22332143784, 2.82766580582
-0.0189177617431, 7.47004556656, 2.8276860714
0.00470309052616, 5.96326732635, 2.82769584656
-0.0205640941858, 6.85858726501, 2.82769536972
0.0338003113866, 6.80237150192, 2.82769060135
0.0118027124554, 6.75741195679, 2.82768988609
-0.0265267714858, 6.92143106461, 2.82768154144
-0.0327916443348, 5.67426681519, 2.82768464088
0.00477111153305, 4.73717260361, 2.82770013809
0.0375576131046, 5.52203178406, 2.82772684097
-0.00927326176316, 5.00319814682, 2.82774448395
0.0216099936515, 5.12082290649, 2.82777190208
-0.0239795763046, 5.10462808609, 2.82780051231
-0.00601711682975, 4.81604719162, 2.82783699036
0.00730410031974, 5.21660804749, 2.82787084579
-0.00599111802876, 11.2597675323, 2.82791566849
0.0534419491887, 10.8429660797, 2.82795619965
0.00846959743649, 11.2292633057, 2.82798671722
-0.0536228641868, 9.98740768433, 2.82800292969
-0.0586070939898, 10.4160404205, 2.82802534103
0.0261049810797, 10.1089944839, 2.82803869247
0.0161164179444, 11.9614124298, 2.82804775238
0.0159340780228, 10.5353889465, 2.82806015015
-0.022923104465, 8.4019985199, 2.82806825638
0.0422619208694, 9.94235420227, 2.82807970047
-0.0123239401728, 8.28066730499, 2.8280878067
-0.00710971280932, 7.265417099, 2.82810163498
0.0692952424288, 8.1748008728, 2.82810926437
-0.0343050993979, 8.87769031525, 2.8281185627
-0.0605944432318, 7.7848238945, 2.82813167572
0.0264597348869, 8.70906639099, 2.82814884186
-0.00728829577565, 4.9251241684, 2.82815551758
0.0461109057069, 5.91326379776, 2.82816267014
-0.06507050246, 4.52494859695, 2.82814860344
0.0339804589748, 5.90557479858, 2.82813286781
-0.0152060529217, 5.35282516479, 2.82812452316
0.0334041193128, 5.42301368713, 2.82811236382
-0.0144001692533, 5.21410274506, 2.8280916214
-0.00472346693277, 5.161195755, 2.82807922363
0.0581630319357, 7.73628330231, 2.82806110382
0.0223030354828, 7.86345005035, 2.82805204391
-0.0237594544888, 7.6648607254, 2.82804679871
-0.0567496567965, 8.72902107239, 2.82803201675
-0.0590024441481, 7.8977098465, 2.82802391052
0.0546265952289, 7.9185295105, 2.82801580429
0.0174768548459, 8.71976566315, 2.82800197601
-0.0148220658302, 7.17056465149, 2.82799386978
-0.000957339536399, 8.33001327515, 2.82798457146
-0.00710239354521, 8.36237430573, 2.82796645164
0.0207791738212, 6.99471330643, 2.82794189453
-0.0116031225771, 8.54465675354, 2.8279094696
0.0159223154187, 7.83910226822, 2.8278837204
-0.00454340688884, 7.62530374527, 2.82784962654
0.000632172450423, 7.7812037468, 2.82781505585
-0.0136192049831, 8.49168872833, 2.82777547836
-0.0460308790207, 5.72999620438, 2.82774114609
0.0293124243617, 5.59771156311, 2.82770824432
0.00759656727314, 6.09317350388, 2.82766866684
0.0091412011534, 5.73898506165, 2.82763242722
0.0229203626513, 5.11606407166, 2.82759523392
0.0239228699356, 5.98822069168, 2.8275604248
-0.00530009064823, 5.38336515427, 2.82751941681
-0.0424770377576, 6.37419176102, 2.82748150826
0.0748825222254, 8.22792816162, 2.82744264603
-0.0550710298121, 7.47410058975, 2.8274064064
0.0126420408487, 9.28128433228, 2.82739257812
-0.03246011585, 6.44900941849, 2.82738471031
-0.0186195541173, 9.03216457367, 2.82738661766
0.0108823310584, 7.72829627991, 2.82739806175
-0.000675324350595, 6.49670743942, 2.82740855217
0.00685244705528, 7.98162174225, 2.82742285728
0.000298958271742, 9.1697883606, 2.82744932175
-0.0126190520823, 7.15747737885, 2.82746291161
-0.00413205847144, 8.03109359741, 2.8274679184
0.0162044744939, 8.37232208252, 2.82746338844
0.0092260139063, 10.3059120178, 2.82745456696
-0.00177338905632, 7.75839853287, 2.82743048668
-0.00111990119331, 6.81034469604, 2.82739400864
-0.00556575879455, 7.76901531219, 2.82736301422
0.0656296163797, 4.28891992569, 2.82733798027
-0.0173872672021, 3.01589918137, 2.82731318474
-0.0105613283813, 3.2176129818, 2.82728838921
-0.0378250330687, 3.8448984623, 2.82726621628
-0.046043433249, 4.01275539398, 2.82724690437
0.0233496371657, 3.23346757889, 2.82723331451
0.0220332723111, 3.31655979156, 2.82721853256
-0.00245161540806, 3.69247484207, 2.82720851898
0.0265412293375, 4.80701589584, 2.82718849182
-0.0234762690961, 3.73380827904, 2.82716202736
-0.0213105529547, 3.7979092598, 2.82712554932
0.0188984833658, 3.91172266006, 2.82709121704
-2.3378059268e-05, 4.03424215317, 2.82705640793
0.0121621470898, 4.38957500458, 2.82701015472
-0.0072433296591, 3.51359462738, 2.8269739151
-0.00537990452722, 4.23505687714, 2.82694244385
-0.0207799505442, 8.07199001312, 2.82689595222
-0.0229665990919, 5.75325584412, 2.82685208321
-0.00269614718854, 6.53213167191, 2.82681131363
0.0459707155824, 7.49828243256, 2.82677364349
0.00116518326104, 5.71665287018, 2.82674336433
0.0305221714079, 7.84040594101, 2.82671737671
-0.066392287612, 6.7376074791, 2.82668209076
0.0351125709713, 7.39502048492, 2.82664728165
0.00960321165621, 4.59166812897, 2.82662320137
0.000935080461204, 4.63654661179, 2.82659363747
0.0178056508303, 4.94955539703, 2.8265619278
-0.0278473328799, 3.88358592987, 2.82654428482
0.00415216758847, 4.77155971527, 2.82653260231
0.0023155962117, 3.92254805565, 2.82652568817
-0.012290392071, 4.60791301727, 2.82651233673
0.00438505830243, 4.68839788437, 2.82650518417
-0.0469551682472, 6.02517318726, 2.82650375366
0.00729470327497, 7.73894453049, 2.82648706436
0.00243976479396, 6.02758169174, 2.82646989822
0.038739785552, 6.13182830811, 2.82645654678
-0.0222516618669, 6.65564870834, 2.82643938065
0.0152334682643, 6.80739879608, 2.82641601562
0.0255091395229, 7.14676523209, 2.8263874054
-0.020541658625, 5.08939886093, 2.82634663582
0.0545483790338, 3.50380849838, 2.82631111145
0.00509086251259, 4.60358905792, 2.82626867294
-0.0346984639764, 5.23463535309, 2.82622742653
-0.0243547763675, 3.56340646744, 2.82618904114
-0.0336300805211, 4.43628883362, 2.8261551857
0.0210937857628, 3.84810161591, 2.82611560822
0.0305654034019, 3.73215293884, 2.82608604431
-0.021221421659, 4.85782289505, 2.82605552673
-0.0107498690486, 4.54878139496, 2.82602214813
0.0223764702678, 5.66255235672, 2.82599020004
-0.0306065045297, 4.4434094429, 2.82596731186
0.0185568891466, 5.34346485138, 2.82594776154
-0.0201849192381, 5.14263963699, 2.8259305954
0.0152561338618, 5.10180330276, 2.82591629028
0.0024517532438, 4.91177463531, 2.82590341568
7.70865008235e-05, 4.7557759285, 2.82589244843
0.00316545460373, 4.58252191544, 2.82588887215
0.00427611824125, 5.33300161362, 2.82588338852
0.0216300450265, 5.23052215576, 2.82585692406
-0.0282983202487, 4.08275032043, 2.82583665848
-0.0308292191476, 5.43797969818, 2.82581758499
0.011610660702, 4.43145561218, 2.8257997036
-0.00598347187042, 4.64672851562, 2.82578992844
0.0233857668936, 4.58604717255, 2.82577419281
0.00359243061393, 2.42401003838, 2.82574415207
0.0104888323694, 3.24368667603, 2.82572412491
0.0182080101222, 2.66182923317, 2.82571125031
-0.031355753541, 3.04416203499, 2.82570290565
-0.00913395918906, 2.96610808372, 2.82568860054
-0.00393172074109, 2.44988656044, 2.82566809654
0.0312516354024, 2.82117390633, 2.82564902306
-0.0188286565244, 2.90797519684, 2.82563138008
0.00514678377658, 3.64662981033, 2.8256278038
0.00847724173218, 4.17633867264, 2.82562279701
-0.00244343746454, 3.69186091423, 2.82562017441
-0.0103966724128, 3.28038573265, 2.82561230659
0.0172651782632, 3.52006244659, 2.82561349869
0.0113609582186, 3.19711256027, 2.82560896873
-0.00882355496287, 4.63364696503, 2.82560968399
-0.0212138369679, 3.10018348694, 2.82561135292
-0.0251006111503, 3.7157895565, 2.82562732697
0.0392038971186, 4.51074314117, 2.82564306259
-0.0213912129402, 3.8416557312, 2.82565426826
0.00711188558489, 3.96153497696, 2.82565593719
0.00649857707322, 4.38939762115, 2.82565736771
0.0140826599672, 4.04201936722, 2.82565546036
-0.00832339003682, 3.55987644196, 2.82565879822
-0.0132390400395, 3.96071195602, 2.82566046715
0.0250281337649, 3.71480083466, 2.82565021515
0.0147048560902, 4.25952243805, 2.82563972473
-0.0218005031347, 2.56209659576, 2.82563066483
-0.0145158860832, 2.86833453178, 2.82561135292
-0.0227332822978, 4.45155096054, 2.82559204102
-0.00842043943703, 2.29343366623, 2.82557868958
0.00498867221177, 3.09436774254, 2.82555580139
0.0280522722751, 3.51251769066, 2.82552480698
-0.0162916108966, 3.70978355408, 2.82549738884
0.0150866340846, 5.67427349091, 2.82547330856
0.000290852040052, 6.05120658875, 2.82543706894
0.00114741548896, 4.30531263351, 2.82539987564
-0.0504875518382, 4.44087743759, 2.82537221909
0.0642658248544, 4.28181028366, 2.82534694672
-0.036253400147, 4.28567504883, 2.82532000542
0.0200724564493, 6.59232616425, 2.82528829575
0.0091179003939, 4.51172971725, 2.82525753975
0.0248313080519, 5.02780437469, 2.82522988319
0.00165942683816, 5.39966106415, 2.82520484924
-0.0328055582941, 5.21346092224, 2.82518482208
-0.00783467385918, 5.23759937286, 2.82516813278
-0.00661550462246, 5.09600448608, 2.82515573502
0.0113019682467, 4.47038078308, 2.82515096664
0.00544058904052, 4.85440778732, 2.8251452446
-0.00615771813318, 5.92868041992, 2.82513833046
0.00435469858348, 7.09108495712, 2.82513356209
0.00368999410421, 6.81802225113, 2.82513952255
0.00614836625755, 6.8988237381, 2.82514619827
-0.0407525710762, 6.6222114563, 2.82515192032
-0.0103432275355, 6.00494861603, 2.82515645027
0.0911550372839, 8.78991508484, 2.8251657486
-0.0375272706151, 5.19900369644, 2.82518148422
-0.0201734565198, 5.24193477631, 2.82520198822
0.0328171364963, 5.19694375992, 2.82521438599
-0.0120724691078, 4.2122387886, 2.82522439957
0.00275722565129, 4.90763092041, 2.82522344589
0.0407721102238, 4.52103376389, 2.82522821426
0.00413260888308, 5.45327615738, 2.82523870468
-0.014662197791, 5.00021266937, 2.82523727417
-0.0310640372336, 4.60489273071, 2.82523059845
-0.0322056040168, 6.23222064972, 2.82522177696
0.0148238427937, 5.34330177307, 2.82520389557
0.018568828702, 6.22634458542, 2.82519292831
-0.000922190956771, 6.00395965576, 2.82518053055
-0.00577046722174, 5.68845748901, 2.82517457008
0.0139199271798, 6.68024110794, 2.82516789436
-0.00440437113866, 5.55084037781, 2.82515835762
-0.00472142361104, 5.56318330765, 2.82514762878
0.00464898906648, 4.93477392197, 2.8251414299
0.0077957501635, 4.52686691284, 2.82513308525
-0.0255530290306, 4.16250801086, 2.82512545586
0.0155278248712, 4.56695318222, 2.82511520386
0.0319338589907, 4.84867048264, 2.82510185242
-0.0533108711243, 4.43470191956, 2.82508611679
-0.0144488234073, 4.00160837173, 2.82506895065
0.0350680574775, 4.83588504791, 2.82505655289
-0.00633244449273, 5.1421918869, 2.82503795624
0.00981726124883, 4.76093912125, 2.82502174377
-0.0464678369462, 5.11797809601, 2.82499217987
0.0413750708103, 4.88887786865, 2.82495689392
0.0100790858269, 5.43703746796, 2.82491970062
-0.028675287962, 4.91881942749, 2.82487010956
0.000461662188172, 5.0285820961, 2.82481575012
0.0143888369203, 4.43466567993, 2.82475948334
-0.0149291306734, 2.38301086426, 2.82470750809
0.0139258764684, 2.58324074745, 2.8246588707
0.00298212235793, 2.07321023941, 2.82461214066
-0.00126953795552, 2.34433817863, 2.82456946373
-0.0120440255851, 2.61888885498, 2.8245370388
-0.0228370204568, 2.09962844849, 2.8245100975
0.00283369980752, 2.38120222092, 2.82448101044
0.0319982022047, 1.99164450169, 2.82445144653
-0.0097005404532, 3.5942709446, 2.82442927361
0.0271126441658, 3.5984184742, 2.82440805435
0.0103822052479, 3.40224289894, 2.82438707352
-0.027012988925, 3.19286108017, 2.82436299324
0.00613344926387, 3.13244557381, 2.82433319092
-0.00121360272169, 3.61739587784, 2.82429409027
-0.0239026919007, 3.09468364716, 2.82425165176
0.0189443305135, 3.95887064934, 2.82420992851
0.0361338406801, 10.4989204407, 2.82417917252
-0.000325878150761, 9.3054265976, 2.82414579391
-0.0498281084001, 11.1974153519, 2.82411503792
0.0126884356141, 8.38840770721, 2.82407951355
0.00721994927153, 10.3508300781, 2.82403421402
-0.0136467628181, 8.83915805817, 2.82399129868
-0.0227150600404, 10.1585197449, 2.82394933701
0.0255667902529, 9.95455932617, 2.82390451431
0.0754622071981, 6.89076757431, 2.82385277748
-0.00538502307609, 5.97377204895, 2.82380104065
0.00384238921106, 5.14235019684, 2.8237528801
-0.0700551122427, 4.90532493591, 2.82370448112
0.0453262738883, 5.21861314774, 2.82365465164
-0.0202554352582, 5.18364953995, 2.82361316681
-0.0199706703424, 6.18962526321, 2.82357406616
-0.00386776449159, 5.54240083694, 2.82352495193
0.0311901308596, 3.34120416641, 2.82347178459
-0.00652010226622, 5.302693367, 2.8234295845
-0.0266530606896, 5.82404613495, 2.82340431213
0.00411529606208, 5.0272526741, 2.82338166237
-0.00619470048696, 3.87577962875, 2.82335996628
-0.0359957702458, 4.6795835495, 2.8233423233
0.0229366961867, 4.66283988953, 2.82333254814
0.0176226943731, 5.85291910172, 2.82332038879
-0.0186808928847, 7.36535167694, 2.82332038879
0.0459851622581, 8.8987121582, 2.82332348824
0.00127743417397, 9.71593093872, 2.82332539558
-0.0266963616014, 8.10559272766, 2.82332611084
-0.00820081494749, 9.80451869965, 2.8233165741
-0.0179328303784, 7.35748767853, 2.82330846786
0.0417257286608, 8.9646396637, 2.82330775261
-0.0155046265572, 7.67590904236, 2.82329320908
0.0286894831806, 4.17140340805, 2.82327651978
-0.0196956135333, 4.72135829926, 2.82325792313
0.0121546462178, 4.18036365509, 2.82323122025
-0.0197578258812, 4.21285629272, 2.82320356369
-0.0331473089755, 3.41869664192, 2.82317781448
-0.0174324028194, 3.90568828583, 2.82314801216
-0.0134562645108, 4.37255334854, 2.82311582565
0.0642886310816, 5.52771425247, 2.82309150696
0.0161218252033, 5.2170996666, 2.82305812836
0.0281219407916, 4.0535902977, 2.82303190231
-0.067588314414, 4.45234298706, 2.82300615311
0.0236028805375, 5.71392202377, 2.8229804039
0.0253202989697, 5.05975532532, 2.82296037674
0.0146072125062, 5.68657684326, 2.82294869423
-0.0234750956297, 3.90879940987, 2.82292532921
-0.0173115804791, 4.58346366882, 2.82290077209
-0.0110118724406, 4.61844587326, 2.82289123535
0.00502601219341, 4.50512695312, 2.82287716866
-0.0134479403496, 5.29078912735, 2.8228597641
0.0237370170653, 4.89289903641, 2.82284212112
0.0331889204681, 4.54783582687, 2.82282352448
-0.0093009956181, 5.92830610275, 2.82279157639
0.00445870310068, 4.49394226074, 2.82276678085
-0.023120071739, 4.27943515778, 2.8227493763
-0.024438008666, 3.22738552094, 2.82273006439
0.00829051621258, 4.35009622574, 2.82269620895
0.0188143216074, 5.30796146393, 2.82265424728
-0.00300070736557, 2.98329114914, 2.82259941101
0.00636179558933, 4.40651082993, 2.82254433632
-0.00990547053516, 2.94929933548, 2.82248497009
-0.00715883634984, 3.41063404083, 2.8224158287
0.00975869037211, 5.0250544548, 2.82234239578
-0.026683120057, 6.47891950607, 2.82226157188
0.0330777838826, 7.22332143784, 2.82217931747
-0.028943868354, 6.80597782135, 2.82209181786
0.0229744780809, 7.20564746857, 2.8220000267
-0.013399460353, 6.95745801926, 2.82192277908
0.0304467305541, 6.97491073608, 2.82184267044
0.0312613770366, 8.06691837311, 2.82175540924
-0.0510551147163, 5.54963302612, 2.8216843605
-0.0150277726352, 8.14886665344, 2.8216176033
-0.00452661747113, 5.98142957687, 2.82156682014
0.0135269779712, 7.32639074326, 2.82150769234
0.00261155888438, 6.90156555176, 2.82144498825
-0.0153935644776, 6.33918094635, 2.82139348984
0.000470787286758, 7.90910005569, 2.8213429451
0.0405354909599, 7.18008422852, 2.82128572464
-0.0299462545663, 6.87695884705, 2.82123780251
-0.0119964024052, 5.97170162201, 2.82119846344
0.0222346186638, 5.92855548859, 2.82116293907
-0.0145345544443, 3.72886323929, 2.82113456726
0.00446880795062, 4.83560419083, 2.82110977173
0.0193660035729, 5.61884593964, 2.82108163834
-0.0249462537467, 4.50122213364, 2.8210515976
0.0649007260799, 6.14424276352, 2.82102060318
-0.0605213865638, 4.02649593353, 2.82099485397
-0.0210434794426, 2.36985993385, 2.82097554207
0.0578993447125, 3.32050728798, 2.82094860077
-0.0134299565107, 2.4413151741, 2.82093477249
-0.0210390947759, 2.14441275597, 2.82091569901
0.0128765329719, 2.14307522774, 2.82089686394
-0.0176933724433, 2.37538933754, 2.82088279724
-0.0176318325102, 2.34532022476, 2.82086753845
0.0210892949253, 3.34976315498, 2.82084989548
-0.0104373525828, 4.13150215149, 2.82083463669
-0.0188183858991, 4.33961343765, 2.82081985474
0.0268713086843, 6.60597419739, 2.82081270218
0.00291397981346, 4.69431972504, 2.82079768181
0.00632472988218, 4.92469120026, 2.82078695297
-0.00911888666451, 3.12370061874, 2.82077598572
-0.0244088321924, 4.8437743187, 2.82075548172
0.026489764452, 6.73131895065, 2.82074713707
0.0125253014266, 4.11353635788, 2.82073545456
-0.0321690961719, 4.36411952972, 2.82072782516
0.00601832941175, 4.05561923981, 2.82071995735
0.0143114775419, 5.1056637764, 2.82070088387
-0.031905464828, 4.00203466415, 2.82068109512
-0.0133997099474, 4.17323875427, 2.82067227364
0.0527663677931, 4.7705411911, 2.8206589222
-0.00907943770289, 4.5550365448, 2.82064056396
-0.0335189960897, 3.63490104675, 2.82062101364
-0.0302983373404, 3.02846479416, 2.82059001923
0.0288575999439, 3.26296854019, 2.82055926323
0.0363617688417, 3.63958597183, 2.82052516937
-0.0121699823067, 3.23720264435, 2.82048940659
-0.0134686343372, 3.97841858864, 2.82045793533
-0.005400294438, 3.51815438271, 2.82040381432
0.0279859807342, 2.73963189125, 2.82035136223
-0.0139685822651, 10.0206098557, 2.82030534744
-0.0567934587598, 10.1039705276, 2.82026100159
0.0744687616825, 8.80686664581, 2.82020664215
-0.00143477646634, 8.53662490845, 2.82015562057
0.0316185764968, 8.06503582001, 2.82008934021
-0.0549884624779, 10.1023187637, 2.82001781464
0.000655509531498, 9.86705589294, 2.81992912292
0.022214628756, 9.22396373749, 2.81984448433
0.0225363299251, 9.37941169739, 2.81976985931
-0.0187043268234, 7.71112918854, 2.81969928741
0.0107087325305, 7.95626878738, 2.81963992119
-0.0131666380912, 6.360247612, 2.81957960129
0.00105099845678, 6.95818710327, 2.81952953339
0.0129360025749, 7.6658039093, 2.81948804855
-0.0107222571969, 8.32758522034, 2.81943917274
-0.00388988479972, 8.30325317383, 2.81940102577
-0.0146343642846, 5.25388860703, 2.8193666935
0.00316522549838, 4.69575786591, 2.81931614876
0.0204488970339, 4.6899523735, 2.81926345825
-0.00930520705879, 4.36999559402, 2.8192076683
0.0040915235877, 4.17236280441, 2.81915736198
0.0413260161877, 5.43139982224, 2.81909871101
-0.0412561520934, 3.7538523674, 2.81904029846
-0.00421704351902, 5.2753367424, 2.81897902489
0.012567486614, 6.06178617477, 2.81891655922
-0.0249582193792, 5.52207899094, 2.81885528564
0.015031863004, 4.81055784225, 2.81880998611
-0.00307753565721, 4.39778852463, 2.81876349449
0.0295946579427, 5.61875963211, 2.81872797012
0.0192960370332, 5.61961174011, 2.81869268417
-0.0685149952769, 4.64621353149, 2.81865739822
0.018350366503, 4.87868833542, 2.81862401962
0.0154742049053, 8.65559482574, 2.81859612465
0.0353829711676, 9.37415027618, 2.81857609749
-0.0281704217196, 7.96277427673, 2.81856203079
-0.0204851739109, 9.65958595276, 2.81854820251
0.0133672673255, 8.12864208221, 2.81853342056
-0.0129742175341, 8.73236274719, 2.81851935387
-0.0233306642622, 8.27863025665, 2.81852293015
0.0202395077795, 10.3703231812, 2.8185133934
0.00273657217622, 6.34417676926, 2.81850337982
-0.0565229207277, 7.108689785, 2.81848859787
0.0342493951321, 8.27681922913, 2.81847667694
0.0197475254536, 7.42485523224, 2.8184633255
0.000142335891724, 7.15080165863, 2.8184428215
0.0120793357491, 7.27522325516, 2.81843161583
-0.0144203221425, 6.93672084808, 2.81841921806
-0.00134127680212, 7.49424505234, 2.81840538979
0.0123010221869, 9.01296806335, 2.818379879
-0.0107405893505, 9.6464176178, 2.81835246086
-0.0124863386154, 7.20436191559, 2.8183259964
0.0126960622147, 7.89935874939, 2.81830573082
0.0362220257521, 8.62897014618, 2.81829285622
-0.0135742519051, 9.46702957153, 2.81827783585
0.000520271249115, 8.20298576355, 2.81825685501
-0.0238747242838, 6.96031188965, 2.81823635101
-0.0387692935765, 6.18207883835, 2.81823348999
-0.0153430216014, 4.91337871552, 2.81822443008
0.0443425476551, 4.84638643265, 2.81820964813
0.0100347986445, 6.05894470215, 2.81820249557
-0.0180463530123, 4.69347190857, 2.81821298599
0.0301291719079, 5.3164730072, 2.81822800636
-0.00628584250808, 6.06619930267, 2.81823778152
-0.00576828420162, 5.84183311462, 2.81824445724
-0.0394927784801, 7.10802316666, 2.8182592392
-0.0204375386238, 7.07154178619, 2.8182721138
0.0068659838289, 6.44964790344, 2.81827402115
0.0527286604047, 7.68484687805, 2.81826901436
-0.0202149935067, 7.45486402512, 2.81826686859
0.0216995552182, 7.35938739777, 2.81827235222
0.0252477861941, 7.01273965836, 2.81827282906
-0.0287162344903, 6.24479818344, 2.81825613976
-0.00119293387979, 7.97482156754, 2.8182425499
-0.00134109519422, 5.22717094421, 2.81822633743
0.011438020505, 6.25244760513, 2.81822156906
-0.00899326242507, 8.4918384552, 2.8182220459
-0.0502874776721, 6.90104341507, 2.81822109222
0.0227688197047, 6.67369556427, 2.81822013855
0.0436558201909, 8.20729255676, 2.81822490692
-0.016634915024, 5.77624607086, 2.81823682785
0.0607479698956, 6.40826320648, 2.81824994087
-0.0416372865438, 4.76851081848, 2.81825685501
0.0195580497384, 6.73189115524, 2.81825971603
-0.038537427783, 4.50266933441, 2.81825685501
-0.0156442318112, 6.6495347023, 2.81825113297
0.0237384438515, 5.10787916183, 2.81823730469
-0.0124896680936, 5.58969593048, 2.81821775436
0.00327230617404, 4.83027696609, 2.81821346283
0.0305595453829, 7.04372119904, 2.81819558144
-0.0190293733031, 6.31744861603, 2.81816864014
-0.0205106660724, 6.0682349205, 2.81814479828
0.0100682051852, 6.80032205582, 2.81812620163
-0.00808237213641, 6.76773357391, 2.81810617447
-0.0344627164304, 6.28330087662, 2.81808280945
-0.0217885356396, 6.14627361298, 2.81805896759
0.0636759996414, 6.97355270386, 2.81803178787
-0.0479401424527, 5.77417182922, 2.81801080704
-0.00967623665929, 6.01285076141, 2.81799268723
0.00872502569109, 6.06399154663, 2.8179795742
0.0484460368752, 6.71651697159, 2.81796216965
0.0129332523793, 5.34410381317, 2.81793785095
-0.0458507835865, 5.2171497345, 2.81791830063
-0.00509067391977, 7.16236019135, 2.81789112091
0.0363902300596, 6.7608089447, 2.81787919998
-0.010372525081, 6.0830616951, 2.81786346436
0.00618509203196, 6.44678020477, 2.81784343719
0.0243683420122, 6.26696777344, 2.81782269478
-0.0190502740443, 6.70221233368, 2.81779956818
0.0169307887554, 6.72122716904, 2.81776762009
-0.0275194682181, 6.63519382477, 2.81773924828
-0.0103702992201, 5.43885135651, 2.81770324707
0.0228822063655, 6.45735931396, 2.81765985489
0.0149670569226, 6.82116556168, 2.8176202774
-0.00750630255789, 5.60360431671, 2.81758141518
-0.023374946788, 7.58255529404, 2.81754183769
0.016927992925, 6.55171489716, 2.81749725342
0.0276090539992, 7.30957984924, 2.81745839119
-0.0440729930997, 5.76294898987, 2.81740689278
-0.0197633951902, 6.77514982224, 2.81735706329
0.0359099432826, 6.67876005173, 2.81731700897
-0.00779141578823, 4.98520088196, 2.81728076935
0.0422536581755, 4.05358695984, 2.81725120544
-0.0235894359648, 3.97663807869, 2.81722545624
-0.00965126883239, 2.94504070282, 2.81719064713
0.0477989055216, 5.04457235336, 2.81714701653
-0.00654495041817, 3.72397899628, 2.81709957123
-0.0188610292971, 3.51804018021, 2.81705188751
-0.025266263634, 3.60864496231, 2.8170106411
0.016025044024, 5.68953275681, 2.8169708252
0.0188313759863, 5.09266662598, 2.81692361832
-0.0492231324315, 4.67994689941, 2.81687688828
0.0157825760543, 5.46369504929, 2.81683325768
0.0356045588851, 4.98030757904, 2.81679439545
-0.0910601839423, 4.50748062134, 2.81675505638
0.0124007668346, 4.86736154556, 2.81671261787
0.0423278100789, 5.7524933815, 2.81667375565
0.0278329476714, 4.32343196869, 2.8166308403
-0.00527828559279, 3.85976052284, 2.81659340858
-0.0260324925184, 5.02800893784, 2.81655693054
0.0020194509998, 4.17809438705, 2.81653165817
-0.0558557361364, 4.78311824799, 2.81650876999
0.0375144816935, 4.21943712234, 2.81649231911
0.040334071964, 4.27348899841, 2.81647443771
-0.0261671748012, 3.75840377808, 2.81646251678
-0.0147132612765, 6.45411348343, 2.81644248962
0.0284552499652, 8.71773815155, 2.81642246246
-0.0213883947581, 7.55298042297, 2.81641602516
0.00909226760268, 7.26883363724, 2.81641387939
0.0186500512064, 8.97077560425, 2.81641244888
-0.00443441420794, 7.16653776169, 2.816416502
-0.00738833798096, 5.30656003952, 2.81642770767
-0.0105002876371, 8.41074943542, 2.81644201279
-0.0329408496618, 3.70784282684, 2.81644892693
0.0296865217388, 4.76649522781, 2.81645011902
0.0488522388041, 5.16727733612, 2.81644487381
-0.0451282560825, 3.45221209526, 2.81644392014
0.0669258236885, 4.72359895706, 2.81643533707
-0.0223304741085, 3.59141683578, 2.81641864777
-0.0210253112018, 4.56338214874, 2.81640005112
-0.0255914591253, 4.1130194664, 2.81636953354
0.0123041737825, 7.1853928566, 2.81634950638
-0.00394151359797, 6.57214641571, 2.81632804871
0.0258294194937, 6.72173547745, 2.81631183624
-0.0344165936112, 7.00851821899, 2.81629610062
0.0440896749496, 7.2519235611, 2.81628274918
-0.0572719946504, 6.95656299591, 2.81628060341
0.0137500409037, 7.19468212128, 2.81627750397
-0.00313091371208, 5.99222230911, 2.81626367569
0.016598822549, 4.57569408417, 2.81625437737
-0.0308045484126, 4.60145044327, 2.81624031067
0.0229212101549, 5.57826662064, 2.81621432304
-0.00798446591944, 5.63408231735, 2.81619310379
-0.0219572130591, 5.06076812744, 2.81617951393
0.0360844396055, 5.39873695374, 2.81616401672
-0.00606438564137, 4.6346116066, 2.81614780426
-0.00888948794454, 4.91185998917, 2.81612539291
0.0545292198658, 6.0913901329, 2.81610774994
0.0102172642946, 6.32914447784, 2.81608486176
-0.0267392024398, 5.03150367737, 2.81605005264
-0.0379505716264, 6.09126281738, 2.81603264809
0.042406078428, 7.17868185043, 2.81601047516
-0.0195058658719, 5.87551641464, 2.81598472595
0.00844156835228, 5.1762046814, 2.81596231461
-0.0317608714104, 5.05769968033, 2.81593728065
0.0179387237877, 10.3010625839, 2.81591081619
-0.0318985208869, 10.2554931641, 2.81589007378
0.0309846810997, 11.0478582382, 2.81587028503
-0.0188302509487, 10.1275472641, 2.8158595562
-0.00020893663168, 9.43060016632, 2.81585502625
-0.015888158232, 9.04620361328, 2.81585240364
0.0228617563844, 11.8286304474, 2.81584978104
-0.00805048830807, 11.1006231308, 2.81584596634
0.036940202117, 8.76055812836, 2.81584715843
-0.0189314167947, 7.68163871765, 2.81584882736
-0.0175643563271, 8.40578651428, 2.8158531189
0.000468605197966, 8.84156513214, 2.81585216522
-0.00655027478933, 7.74365329742, 2.81584405899
-0.0165713261813, 8.0588388443, 2.81583404541
-0.0083184055984, 9.61287021637, 2.81582593918
0.032284591347, 7.82791948318, 2.81582140923
-0.00975159369409, 8.62593746185, 2.8158082962
-0.0599155724049, 9.37766456604, 2.81579875946
0.0350274629891, 9.22756099701, 2.81578779221
0.0334987565875, 9.69898223877, 2.81578040123
0.0154113834724, 10.3156404495, 2.81578183174
-0.020076610148, 9.88679790497, 2.81578588486
-0.000624837353826, 9.19324207306, 2.81579065323
0.00370239233598, 7.47481250763, 2.81579637527
-0.0273109972477, 8.21978759766, 2.81580638885
0.0289811342955, 7.63991308212, 2.81581521034
0.0371355041862, 8.07843017578, 2.81581664085
-0.0390385612845, 7.93550682068, 2.81580591202
0.0193667449057, 8.70522785187, 2.81578946114
0.0136996991932, 7.42794799805, 2.81575727463
-0.0314598232508, 6.99472045898, 2.81573152542
-0.00459766574204, 8.64120483398, 2.81570911407
0.0107926279306, 7.39003276825, 2.81567811966
0.0138575080782, 5.99965000153, 2.81565070152
-0.001683967188, 8.01356315613, 2.81562209129
-0.0229866262525, 5.92009401321, 2.81559824944
-0.0157554447651, 7.57204675674, 2.8155734539
0.000869823619723, 7.09115600586, 2.81554841995
0.0031122174114, 5.50684452057, 2.81552171707
0.0108065027744, 7.02289819717, 2.81549882889
-0.0102474167943, 7.4960026741, 2.81547737122
-0.00479601696134, 7.76486730576, 2.81545066833
0.0152190700173, 7.34504938126, 2.81543064117
-0.00205017137341, 8.59352779388, 2.81541204453
0.0257673412561, 7.02469587326, 2.81539964676
-0.000307027832605, 8.6984577179, 2.81538534164
0.00517495721579, 7.33776426315, 2.81538319588
-0.0354221463203, 7.81693315506, 2.81538033485
-0.0296575557441, 8.8693819046, 2.81537437439
0.0294062830508, 7.55184650421, 2.81537294388
0.0228675827384, 7.9472489357, 2.81536602974
-0.0204952284694, 7.43991565704, 2.81535196304
0.0065395780839, 9.08367156982, 2.81534194946
0.0136033762246, 7.02585077286, 2.81533360481
-0.027529347688, 7.48266267776, 2.81531977654
0.00636164098978, 8.05729961395, 2.81530690193
0.0386358499527, 8.16389656067, 2.81529331207
0.0182269439101, 8.23456096649, 2.81527662277
-0.0390096269548, 6.26805353165, 2.81526660919
-0.0145076178014, 7.25932168961, 2.81525611877
0.0766061991453, 8.02010154724, 2.81523633003
-0.058230958879, 6.21030235291, 2.8152179718
-0.017701562494, 8.19286251068, 2.81519341469
-0.0011380831711, 7.0449681282, 2.81515407562
0.00572393089533, 6.66946220398, 2.81513381004
-0.0206510201097, 8.0242023468, 2.81511521339
-0.018036250025, 6.27245378494, 2.81508874893
0.0328887552023, 5.90536689758, 2.81506919861
0.0650902912021, 8.47968578339, 2.81504869461
-0.0178041905165, 5.44707012177, 2.81502723694
-0.0209092441946, 6.65260410309, 2.8150074482
-0.0281340554357, 6.31740045547, 2.81498885155
-0.0181170925498, 10.7237548828, 2.81497073174
0.0167348831892, 10.6234378815, 2.81496167183
-0.0139287319034, 10.5431232452, 2.81495571136
0.0142496842891, 9.42960166931, 2.81496572495
0.0157681982964, 11.0576000214, 2.81495952606
-0.0334930606186, 10.266043663, 2.8149561882
0.0162740387022, 10.2445173264, 2.81494760513
0.000958724878728, 9.50930690765, 2.81494736671
-0.00376747176051, 4.42686080933, 2.81494736671
0.0274537596852, 5.17151212692, 2.81494426727
-0.0366238206625, 5.03441858292, 2.81493234634
0.0117714842781, 5.15516757965, 2.81490850449
0.00184764363803, 4.39975595474, 2.81488037109
0.0230714026839, 5.46837806702, 2.81484460831
-0.0549127534032, 5.13632392883, 2.81480836868
0.0274407491088, 4.66439914703, 2.81477570534
-0.0112809538841, 4.21766138077, 2.81473255157
-0.00241604773328, 4.68092107773, 2.81469249725
0.00410257512704, 4.77916431427, 2.81466794014
0.011383716017, 5.12318277359, 2.81465148926
0.0350252836943, 4.98446846008, 2.81463193893
-0.019586071372, 4.40431451797, 2.81463336945
-0.0225929673761, 4.52293348312, 2.81463718414
0.00682007335126, 4.78654003143, 2.81463956833
-0.0309608932585, 6.61837291718, 2.81463384628
-0.0228516384959, 6.8557767868, 2.81462335587
0.0246509183198, 7.96712732315, 2.81462168694
0.0291228666902, 5.43998336792, 2.81462240219
-0.00871615577489, 5.88351726532, 2.81462001801
-0.029674846679, 6.77801132202, 2.81461858749
0.0181275736541, 7.09408569336, 2.81461071968
0.0171315968037, 6.99085903168, 2.81460905075
-0.000696713104844, 4.51135444641, 2.81461572647
0.011078581214, 5.13382911682, 2.81463503838
-0.0360408835113, 5.3600358963, 2.81463813782
0.0257868915796, 3.45333886147, 2.81464004517
0.045396219939, 3.79783177376, 2.8146238327
-0.0324054136872, 5.24962282181, 2.81460785866
0.0517474897206, 4.06462049484, 2.81460046768
-0.0645326599479, 4.33378267288, 2.81457519531
0.0166088677943, 4.19403362274, 2.81454753876
-0.0329609885812, 3.95008969307, 2.81452560425
0.0229330919683, 4.79592084885, 2.81449389458
-0.00702304299921, 4.78757238388, 2.81445193291
-0.0229298211634, 5.00881576538, 2.81442689896
0.0058646183461, 3.70379376411, 2.81441307068
0.0549679063261, 4.58143281937, 2.8144030571
-0.0397158637643, 4.17375850677, 2.81439232826
0.00559629779309, 7.62342834473, 2.81436872482
-0.0172365382314, 7.89725780487, 2.81434082985
0.0239636786282, 8.33167362213, 2.8143081665
-0.00682797282934, 6.37079906464, 2.81427669525
-0.0292364861816, 7.05799770355, 2.81423974037
0.0131678227335, 6.64740896225, 2.81419706345
0.00194636359811, 9.3457698822, 2.81415319443
0.0126866158098, 7.00617313385, 2.81411600113
0.0305319819599, 3.31956863403, 2.81407117844
-0.0355184227228, 2.77370524406, 2.81402206421
-0.00159079954028, 3.4204583168, 2.81397414207
0.00640638917685, 2.8433368206, 2.81392717361
0.0476983375847, 3.78081417084, 2.81388068199
-0.0100751053542, 2.61242818832, 2.81383705139
0.00208757352084, 2.64139103889, 2.81378412247
-0.0416503623128, 2.7531375885, 2.81374025345
-0.0149110965431, 6.03974628448, 2.81369972229
0.00366900395602, 6.3468298912, 2.81366205215
0.00384434312582, 6.66791725159, 2.81361722946
0.00806531589478, 7.26774311066, 2.81358337402
0.0256402920932, 7.08517074585, 2.81355619431
-0.0425545759499, 6.54921770096, 2.81353235245
0.0188261680305, 6.10954093933, 2.8135175705
-0.0046413470991, 6.56912565231, 2.81350684166
0.0141327874735, 5.43325424194, 2.81349015236
0.0119043923914, 5.01397228241, 2.81347513199
0.0114030297846, 6.6978096962, 2.81345653534
-0.0373877249658, 5.89249944687, 2.81343984604
-0.0223915837705, 4.96878480911, 2.81342744827
0.0137334764004, 5.65912723541, 2.81342148781
0.0255990233272, 6.79463911057, 2.81341075897
-0.0191981121898, 5.40178012848, 2.81340646744
-0.00728996004909, 3.28096437454, 2.81339216232
-0.037731859833, 4.72672605515, 2.81338357925
0.00641213916242, 3.98694205284, 2.81337547302
0.0399139076471, 4.53583192825, 2.81336951256
-0.0323817171156, 3.88021945953, 2.81336331367
-0.0368445664644, 3.63855457306, 2.81335926056
0.0538843348622, 5.18825340271, 2.813352108
0.0142754204571, 3.7309179306, 2.8133559227
0.00357059645467, 5.24053096771, 2.8133597374
0.0258421897888, 6.06260633469, 2.81336092949
0.00876481924206, 5.93030261993, 2.81336688995
-0.0356076285243, 5.00012779236, 2.81337308884
0.0122863352299, 6.39844417572, 2.81337022781
-0.0227400809526, 4.99656057358, 2.81337666512
-0.0110778976232, 5.20317459106, 2.81338024139
0.0201234389096, 5.51809358597, 2.81337714195
0.0448479913175, 5.46696949005, 2.81336331367
-0.0124787567183, 5.69496870041, 2.81334018707
-0.00474440958351, 5.13253736496, 2.81331372261
-0.027621537447, 5.39203357697, 2.81329798698
0.00309474952519, 5.44959974289, 2.81327390671
-0.0738204568624, 4.44728469849, 2.81324481964
0.0580723509192, 6.19666528702, 2.81321382523
0.0116716735065, 5.44136238098, 2.81318259239
-0.0236868560314, 4.25878858566, 2.81315135956
-0.0259598810226, 4.75801181793, 2.81311106682
0.0352897159755, 6.11655044556, 2.81307315826
0.0145441405475, 5.77271604538, 2.81304001808
0.0142682008445, 4.97858667374, 2.81300973892
0.0202307216823, 6.01697874069, 2.81297826767
0.00279029365629, 4.92575740814, 2.81296062469
-0.0392240136862, 4.63973665237, 2.81293082237
0.0108133712783, 5.20904684067, 2.81289505959
-0.00882578268647, 5.58483457565, 2.8128657341
-0.0119615867734, 4.14102506638, 2.81283211708
0.010344655253, 5.54213666916, 2.81279087067
0.0215834658593, 5.10544538498, 2.81275272369
-0.00552223529667, 5.36845588684, 2.81271743774
-0.0162795670331, 4.94030570984, 2.81268024445
-0.00175553932786, 4.68661975861, 2.81264734268
-0.00608897162601, 5.4111032486, 2.81260943413
-0.0144218215719, 5.34738636017, 2.81258106232
-0.00455588102341, 6.27695941925, 2.81255125999
0.0253040343523, 5.60070466995, 2.81251978874
-0.0036130817607, 6.2246594429, 2.8124973774
0.0378819406033, 5.50775623322, 2.81247878075
-0.0328068323433, 5.08458423615, 2.81246232986
-0.00238351896405, 5.62143516541, 2.81245756149
-0.00840428099036, 5.95133733749, 2.81244850159
0.00613450491801, 5.3847527504, 2.81242966652
-0.00179837923497, 5.90239048004, 2.81240773201
0.00583730265498, 4.88336038589, 2.8123884201
-0.0254404693842, 6.0684928894, 2.81237316132
0.0446278713644, 5.54261350632, 2.81236076355
0.031764190644, 4.34415817261, 2.81234836578
-0.0513164363801, 5.73012065887, 2.81233692169
0.0246583223343, 8.60792160034, 2.81231689453
0.0192737989128, 7.26942539215, 2.81228399277
-0.0171668380499, 6.75905179977, 2.81226086617
-0.0240969844162, 6.90590524673, 2.81224727631
-0.0174554735422, 7.60741281509, 2.81224107742
-0.0123116606846, 7.33737802505, 2.81223678589
-0.00520931743085, 6.39661550522, 2.81222367287
0.0346154868603, 8.22364139557, 2.81221389771
-0.0114939026535, 5.13691425323, 2.81221485138
-0.0236643850803, 4.64401340485, 2.81221342087
0.0137861231342, 5.86830282211, 2.81221675873
0.0213233288378, 4.77459383011, 2.81221294403
0.0076646739617, 7.15029621124, 2.81220531464
0.0210574418306, 4.516954422, 2.8121972084
-0.00399099569768, 4.91674995422, 2.81217765808
-0.0260122735053, 3.77368593216, 2.8121535778
-0.00778888631612, 6.97726678848, 2.81214332581
0.0387431532145, 8.40099716187, 2.81213235855
-0.0211911462247, 7.16947460175, 2.81212091446
-0.00992226600647, 7.07610225677, 2.81210660934
0.0236337631941, 6.99832773209, 2.81209421158
-0.0200628973544, 7.99387264252, 2.81207537651
-0.0134303737432, 6.5311756134, 2.81205177307
0.00612351251766, 7.66912269592, 2.81203436852
-0.0232019014657, 2.66021847725, 2.81201457977
0.00293178111315, 2.63856649399, 2.81200170517
-0.0398344509304, 2.13542628288, 2.81198573112
0.0594222582877, 4.14593982697, 2.81196022034
-0.010449049063, 2.0885515213, 2.81194210052
-0.00380631070584, 3.74247527122, 2.81192064285
0.00500106438994, 2.62037920952, 2.81189155579
0.00843711104244, 3.08270859718, 2.81186676025
0.00626414641738, 4.72266197205, 2.81185150146
0.0155779644847, 6.63022375107, 2.81184887886
-0.00859087891877, 3.99384117126, 2.81184887886
-0.012965939939, 4.03222417831, 2.81183743477
-0.00190000422299, 4.39360380173, 2.81183290482
0.00852738134563, 5.23821306229, 2.81182813644
-0.00703389476985, 4.95773696899, 2.81182575226
0.00157659035176, 4.51441574097, 2.81183004379
0.0221711732447, 5.99062204361, 2.81183457375
-0.0154854431748, 3.53769755363, 2.8118417263
-0.00575447268784, 4.37004756927, 2.81183815002
-0.00102421361953, 3.65185403824, 2.81183385849
0.0273482427001, 4.90330791473, 2.81182432175
-0.0218817405403, 4.49195671082, 2.81181669235
0.00884745735675, 3.94937348366, 2.81182384491
-0.0159345939755, 4.1327548027, 2.81182336807
-0.00781581364572, 4.28791618347, 2.81180286407
0.0177107211202, 3.63746809959, 2.81178879738
0.0215710885823, 5.18463897705, 2.81177520752
-0.0294154174626, 4.18711471558, 2.81176710129
0.00177497044206, 4.39441680908, 2.81175065041
-0.0355045124888, 4.22825527191, 2.81174564362
0.00242205150425, 4.6185593605, 2.81173372269
0.0300759319216, 3.44264125824, 2.81171703339
-0.020048065111, 7.41161155701, 2.81170296669
0.0196517650038, 7.87069129944, 2.8117005825
0.0419975481927, 7.76679229736, 2.81170082092
-0.0436870753765, 5.97845602036, 2.81170940399
0.0132183879614, 7.98201942444, 2.8117146492
-0.0632205232978, 7.37723970413, 2.81172728539
0.0231379959732, 6.94408988953, 2.81174111366
0.0240688696504, 6.50005197525, 2.81175732613
-0.04968816787, 5.34154224396, 2.8117787838
0.0103203784674, 4.74825811386, 2.81178808212
-0.0400129705667, 4.55258703232, 2.81180500984
0.0798492431641, 6.5363111496, 2.81181716919
0.00115053635091, 4.75928115845, 2.81183671951
-0.011366320774, 5.07204675674, 2.81185913086
0.0302267763764, 6.78200912476, 2.81189012527
-0.0199962928891, 4.57693052292, 2.81190299988
0.0154406186193, 5.43183517456, 2.81191396713
0.0587654039264, 6.10757732391, 2.81192302704
-0.0248766001314, 4.37559986115, 2.81192064285
-0.0475717261434, 3.37113046646, 2.81191539764
-0.0107966028154, 4.42249536514, 2.81190085411
-0.0414457023144, 4.53580379486, 2.81188201904
0.00698869116604, 4.35895347595, 2.81186723709
0.0445476621389, 5.91506290436, 2.81184339523
-0.0127759184688, 3.72146344185, 2.81181573868
0.0283425021917, 4.78194665909, 2.81178641319
-0.00242729857564, 3.24473237991, 2.81175804138
-0.0113300345838, 3.8021440506, 2.81172800064
0.0411676764488, 4.90117883682, 2.81170701981
0.00735388696194, 3.43375730515, 2.81168723106
-0.0537550076842, 2.43083953857, 2.81167554855
0.00509389583021, 4.72003126144, 2.81165361404
-0.00855038315058, 8.29116821289, 2.81163644791
0.0340941287577, 7.33993387222, 2.81162929535
-0.0420616418123, 8.36531066895, 2.81163167953
0.0166149493307, 6.72602081299, 2.81162691116
0.0162195693702, 7.96168422699, 2.81162881851
0.0229367110878, 8.28008937836, 2.81163263321
0.00957827270031, 7.01420307159, 2.81163287163
-0.0500557087362, 7.43110942841, 2.81164836884
-0.0028726872988, 5.0627746582, 2.81166315079
-0.0294597093016, 5.99556159973, 2.81167125702
0.0178678184748, 4.80487823486, 2.81167340279
0.0138662774116, 6.90369653702, 2.81167221069
-0.00571029866114, 6.58401155472, 2.8116710186
0.0287103932351, 6.38584756851, 2.81165409088
0.00583402253687, 4.57308959961, 2.8116402626
-0.0311377868056, 5.02380752563, 2.81162881851
0.00986731983721, 4.96928977966, 2.81161785126
0.0296787694097, 5.56460380554, 2.81161761284
-0.0265618860722, 5.21203994751, 2.81161642075
-0.0133351525292, 5.28992557526, 2.81159734726
0.012573087588, 3.98008370399, 2.81157922745
-0.0222474448383, 5.14742851257, 2.81155633926
-0.0263061374426, 5.09178447723, 2.81153774261
0.0345240011811, 6.2646522522, 2.81152796745
-9.45581123233e-05, 5.17634153366, 2.81150341034
0.0318692587316, 6.26749324799, 2.81147575378
-0.045053306967, 5.89199209213, 2.8114566803
0.0144089274108, 6.78756475449, 2.81144332886
0.0499036982656, 5.9611325264, 2.81143522263
0.0302359201014, 7.20097112656, 2.8114221096
-0.0422542542219, 4.9508433342, 2.81140995026
-0.0367707163095, 5.9489607811, 2.81140756607
-0.0204187743366, 6.12386798859, 2.81140995026
-0.0374664105475, 4.78752374649, 2.81141877174
0.040491361171, 5.74461126328, 2.81142663956
0.0218331813812, 5.9536190033, 2.81143474579
-0.0205964911729, 5.94893836975, 2.81145453453
0.0205754972994, 5.66426181793, 2.81147432327
3.73367220163e-05, 5.53694820404, 2.81149673462
-0.00102830817923, 5.35156726837, 2.81151533127
0.0274261757731, 3.77306890488, 2.81154155731
0.0126610919833, 3.35076403618, 2.81156802177
-0.0471640080214, 2.69536590576, 2.81158971786
0.00745932664722, 3.48369431496, 2.81160736084
-0.0250008925796, 2.63244962692, 2.81162405014
0.0548763349652, 4.0196428299, 2.81163740158
-0.00911900028586, 3.18574261665, 2.81164360046
-0.021961953491, 3.27420186996, 2.81164932251
-0.0432207249105, 6.04917621613, 2.81165838242
0.0132104437798, 9.47823524475, 2.81166791916
0.018772162497, 8.86514186859, 2.81169056892
0.0116576747969, 8.73927879333, 2.81171107292
-0.00101011665538, 8.35242938995, 2.81172466278
-0.0178282149136, 7.88982868195, 2.81175279617
0.00909899175167, 8.31863212585, 2.81177949905
0.0073759034276, 8.32320213318, 2.81179499626
0.0326156429946, 4.17952823639, 2.81181192398
-0.000195858068764, 3.36053705215, 2.81182098389
0.00497885607183, 3.13616752625, 2.8118314743
-0.03567148, 2.63907122612, 2.81183099747
-0.0359925888479, 3.030854702, 2.81183004379
0.0258402191103, 3.27785348892, 2.81182932854
0.00139126367867, 3.84832715988, 2.81183338165
0.00823593791574, 3.14604878426, 2.81183099747
-0.0366508699954, 4.54578876495, 2.81181645393
0.0436167418957, 5.40153837204, 2.81180667877
0.01841901429, 5.35486268997, 2.81178998947
-0.0241399928927, 4.16099882126, 2.81178402901
1.99181959033e-05, 4.97902107239, 2.81178498268
-0.0390369221568, 4.39714956284, 2.81178665161
-0.0564284510911, 3.84593701363, 2.81179475784
0.0943551808596, 5.87613725662, 2.81179714203
-0.0275598950684, 8.4122095108, 2.81180691719
-0.00559460837394, 9.67799472809, 2.81181097031
-0.0221172627062, 7.86953020096, 2.81181073189
0.0581615641713, 7.97214317322, 2.81181383133
-0.00532086100429, 8.84128379822, 2.81180143356
-0.0234980043024, 7.75709104538, 2.8117852211
-0.00309741403908, 7.99394369125, 2.81176662445
0.0315074473619, 8.59048557281, 2.81174397469
-0.0422310233116, 10.1025295258, 2.81171655655
0.0119327502325, 8.75300979614, 2.8116941452
-0.00494416803122, 10.8347616196, 2.81167650223
0.0361340939999, 10.7357492447, 2.81164813042
0.00353786256164, 10.1243715286, 2.81161618233
0.00401656143367, 11.3920278549, 2.81158494949
0.00537414848804, 9.27618598938, 2.81154203415
-0.0133182667196, 9.45133209229, 2.8115029335
-0.020911462605, 5.23749160767, 2.81147122383
-0.0166126620024, 5.27996826172, 2.81144142151
0.0294022727758, 6.50308418274, 2.81140446663
0.00934976618737, 4.77874183655, 2.81136846542
0.0241808742285, 5.09246635437, 2.8113360405
-0.00648030359298, 5.50063610077, 2.81129598618
-0.023973736912, 5.2243938446, 2.81125879288
0.00499998079613, 5.89742422104, 2.81123542786
-0.0153774702922, 5.98335552216, 2.81120824814
-0.0227251462638, 6.59567785263, 2.81118202209
0.0343386121094, 6.34285497665, 2.81115293503
0.00778439640999, 5.85707378387, 2.81112337112
-0.00609863922, 6.21712684631, 2.81109333038
-0.0572571121156, 6.20376634598, 2.81107187271
-0.000372646842152, 6.74126195908, 2.81104946136
0.064439624548, 5.40199661255, 2.81102228165
0.0133787896484, 8.67314910889, 2.81099748611
-0.022061239928, 7.09164524078, 2.81097149849
-0.00974218919873, 9.67125034332, 2.81094479561
0.0187729839236, 8.31416416168, 2.81092596054
-0.00776185141876, 9.14467811584, 2.81088209152
0.0112933553755, 8.17449188232, 2.81083679199
0.0262509286404, 8.67868518829, 2.81079602242
-0.0310127623379, 7.52442502975, 2.81074309349
-0.00907100364566, 4.61373090744, 2.81068897247
-0.0153414206579, 4.09038448334, 2.81063103676
-0.0125942006707, 4.35109043121, 2.81057333946
0.0364770554006, 5.27214241028, 2.8105006218
0.0119381695986, 4.56960296631, 2.81043291092
0.0265638437122, 5.18344688416, 2.81037139893
-0.0274876207113, 4.12913036346, 2.81031370163
-0.0104057313874, 4.33036756516, 2.81025123596
0.0123810563236, 8.47656726837, 2.81017780304
-0.0108178835362, 7.77634954453, 2.81009745598
0.0372900031507, 8.52794265747, 2.81002950668
-0.0393718034029, 8.05846691132, 2.80997228622
-0.0262104645371, 9.27686595917, 2.80992269516
-0.0131182456389, 7.5709605217, 2.80987381935
0.0421855859458, 7.70868873596, 2.80982589722
-0.00403576064855, 8.22532749176, 2.80978441238
0.013832969591, 8.16387271881, 2.80975103378
0.00301726721227, 7.69664669037, 2.80972194672
0.017249500379, 6.77145195007, 2.80969071388
-0.0319288484752, 8.27701473236, 2.80965471268
-0.0409751683474, 6.73834609985, 2.80961036682
-0.00695310812443, 8.20608520508, 2.80956029892
0.0385471209884, 8.13029098511, 2.80951309204
0.0129274604842, 7.26230621338, 2.80946445465
-0.00108240917325, 5.93567276001, 2.80942583084
-0.0252484884113, 5.54553985596, 2.80938768387
-0.0199501290917, 5.17715740204, 2.80936527252
0.047127071768, 6.18708229065, 2.80933141708
0.00241978280246, 5.86062908173, 2.80930709839
-0.0439883768559, 5.50180578232, 2.80929207802
0.0489866398275, 5.57181406021, 2.80927801132
-0.00789369270205, 5.89688777924, 2.80926179886
-0.00411724485457, 10.5220975876, 2.8092455864
0.00724791362882, 8.4442653656, 2.80922794342
-0.00875224359334, 9.6082906723, 2.80920958519
0.00590808317065, 9.18683719635, 2.80920100212
-0.011282838881, 9.90238952637, 2.80919456482
-0.0781656652689, 10.1067276001, 2.80919218063
0.0888415426016, 8.53321552277, 2.80919933319
-0.000919507350773, 8.90428543091, 2.80919933319
-0.0207972880453, 7.40066146851, 2.80920815468
0.00343572790734, 7.33336257935, 2.80921411514
0.0321643464267, 7.56746387482, 2.80922341347
-0.0149638401344, 5.37721776962, 2.80923080444
0.0325015038252, 7.13880395889, 2.80924510956
0.0174446068704, 6.50254583359, 2.80926370621
-0.0557826161385, 6.54840326309, 2.80927658081
0.00507821235806, 7.3385515213, 2.80928254128
-0.0471208319068, 3.89667892456, 2.80930042267
0.0370014235377, 4.69861364365, 2.80932426453
0.00300406129099, 4.24569272995, 2.80934357643
0.00745641067624, 4.5589427948, 2.80933904648
-0.00806291028857, 4.20700073242, 2.80933713913
-0.0298141948879, 3.76938915253, 2.80934047699
0.0311670899391, 4.79364776611, 2.80933856964
0.00545447226614, 4.43989896774, 2.80932712555
-0.0714771226048, 5.2897195816, 2.80931520462
0.0388738885522, 6.91229629517, 2.80929899216
0.0558871179819, 6.18194675446, 2.80926704407
-0.0229344367981, 5.57497024536, 2.8092508316
-0.020400851965, 5.74045705795, 2.80923938751
0.0280978996307, 6.86072015762, 2.80924034119
-0.00124171609059, 5.62772321701, 2.80923819542
-0.00665008276701, 5.57331466675, 2.80922412872
-0.01116219908, 6.5613360405, 2.80920791626
0.0141387116164, 8.2270565033, 2.80918884277
0.0358470864594, 7.93009710312, 2.8091776371
-0.0378240384161, 6.09196233749, 2.8091571331
0.0375793650746, 8.74627685547, 2.80913972855
0.0331807807088, 6.69309806824, 2.80912828445
-0.0291961431503, 6.17217206955, 2.80911493301
-0.043121792376, 7.12863683701, 2.80909943581
-0.0271026883274, 9.11232757568, 2.80907964706
0.00788646750152, 8.78876495361, 2.80905008316
-0.0117266979069, 8.35918998718, 2.80901575089
0.030696446076, 9.09187698364, 2.80899000168
-0.0201477892697, 8.66002559662, 2.80897116661
-0.00329247722402, 9.30485153198, 2.80894517899
0.0124713843688, 8.39363384247, 2.80892896652
0.00924808718264, 8.63643264771, 2.80890130997
0.00334432139061, 7.05788755417, 2.80887770653
0.00930415838957, 7.5027756691, 2.80884504318
0.0265538804233, 6.8164806366, 2.80881023407
-0.0394877418876, 7.4055929184, 2.80877065659
0.0110754072666, 6.95699214935, 2.80873727798
-0.0149419493973, 6.43859815598, 2.80871391296
0.0311982221901, 6.95095729828, 2.80868387222
-0.0289443433285, 7.81864452362, 2.80864739418
0.0299133658409, 11.789478302, 2.80860376358
-0.0161331184208, 13.1769609451, 2.80856561661
0.00865753740072, 10.5461473465, 2.80851554871
-0.0220131650567, 10.4572105408, 2.80847430229
-0.012398943305, 11.6041917801, 2.80842685699
-0.00936538539827, 10.7089004517, 2.808385849
0.0141620682552, 11.1069259644, 2.8083486557
0.00657033547759, 11.7874946594, 2.80830526352
0.045643299818, 5.32950115204, 2.80825829506
-0.0263944379985, 6.59471225739, 2.80820941925
-0.0174183659256, 5.70218229294, 2.80815958977
-0.000542568974197, 4.79735803604, 2.80811309814
-0.0181109942496, 4.74164104462, 2.80806589127
0.00709849176928, 5.86838245392, 2.80801296234
0.0203608386219, 5.14353275299, 2.80795884132
-0.0108470637351, 6.67567205429, 2.8079123497
0.0404266677797, 4.84645557404, 2.80786848068
-0.0337206088006, 4.41392087936, 2.80782222748
0.00503482483327, 5.98625564575, 2.80777931213
-0.00957750342786, 5.33891105652, 2.80773663521
-0.0133118852973, 4.23812484741, 2.8076710701
0.000566372647882, 5.97248983383, 2.8076145649
0.020643606782, 4.733751297, 2.80754256248
-0.0124456845224, 5.50937223434, 2.80747389793
-0.0221461486071, 9.45809650421, 2.80739355087
-0.0122478380799, 9.06819152832, 2.80732345581
0.0207059010863, 8.76184177399, 2.80725431442
0.0146639486775, 11.1598653793, 2.80719399452
-0.000356748700142, 9.72041797638, 2.80713391304
0.0397420972586, 8.65196418762, 2.80707788467
-0.0276428759098, 10.4844694138, 2.80702400208
-0.0111180683598, 9.54176330566, 2.80697774887
0.00581571832299, 4.90981006622, 2.80692577362
0.00739665981382, 4.25667572021, 2.80687832832
-0.0470109842718, 4.18990373611, 2.80684137344
0.0342651978135, 3.78481435776, 2.80679798126
0.0143481120467, 4.00791072845, 2.80675840378
-0.00848107319325, 3.95025396347, 2.80672121048
0.0679580941796, 4.09811639786, 2.80668950081
-0.073245704174, 4.49889755249, 2.80666399002
0.0147198457271, 6.11819219589, 2.80663347244
0.0389681011438, 7.11382770538, 2.80660867691
-0.00194100895897, 5.89150381088, 2.80657672882
-0.0514979958534, 5.47416353226, 2.8065559864
0.0296188239008, 5.78049659729, 2.80654740334
-0.0302741993219, 6.05471801758, 2.80654001236
-0.0348587110639, 6.01872110367, 2.80653190613
0.0314812362194, 6.64060306549, 2.80652880669
-0.0205920822918, 12.5021476746, 2.80653476715
-6.1952508986e-05, 13.9255189896, 2.80653762817
0.0509965270758, 15.571023941, 2.80652856827
-0.0288611017168, 9.90927600861, 2.80650925636
0.0361321680248, 14.8657522202, 2.80649089813
0.0638729482889, 14.1836585999, 2.80646181107
-0.059875421226, 10.2468833923, 2.80643129349
-0.0406747460365, 12.2872066498, 2.80640077591
-0.0247833020985, 8.17199897766, 2.80636620522
-0.0156338363886, 9.0161895752, 2.80633687973
0.0325082279742, 9.1250629425, 2.80630874634
0.0108373677358, 8.20839118958, 2.80629682541
0.0176360756159, 8.07766246796, 2.80627012253
-0.0370114445686, 7.66322040558, 2.80624103546
-0.0294770896435, 8.63871955872, 2.80621576309
0.0477890819311, 9.9712266922, 2.80618929863
-0.0198429040611, 8.63617229462, 2.80617260933
-0.0323026180267, 10.1860694885, 2.8061542511
0.0173359401524, 9.5502614975, 2.80612039566
0.0372423566878, 8.61551189423, 2.80607461929
0.0324242264032, 11.554567337, 2.80602741241
-0.015094182454, 9.2558927536, 2.80596876144
-0.000670564360917, 7.82576847076, 2.80589675903
-0.017179261893, 7.8444185257, 2.8058347702
0.00258145853877, 9.70780277252, 2.80576610565
-0.00266590621322, 8.95782184601, 2.80568885803
-0.0145690692589, 10.5664348602, 2.80561256409
0.0160186365247, 9.96297645569, 2.80553531647
0.0134927276522, 9.39284610748, 2.80547475815
-0.0264404304326, 8.98248767853, 2.80541324615
0.00891474448144, 10.2670078278, 2.80535459518
0.00181603804231, 10.1901531219, 2.80529379845
-0.00216424604878, 4.67273521423, 2.80524015427
0.00526497513056, 4.82694578171, 2.80518937111
0.0339444167912, 4.48820638657, 2.8051366806
-0.0362213663757, 4.88398075104, 2.80507564545
-0.0149953775108, 4.65829086304, 2.80503177643
-0.0113731352612, 5.06668376923, 2.8049955368
0.0567881837487, 4.66865062714, 2.80496001244
-0.0298382323235, 4.25854301453, 2.80492210388
0.0136231910437, 4.87805938721, 2.80488348007
0.0247995629907, 5.51942825317, 2.80485320091
-0.0308639090508, 4.75435256958, 2.80483198166
-0.00440865010023, 4.3149433136, 2.80481028557
-0.0295996256173, 4.30004930496, 2.80479288101
-0.00960742030293, 4.88516044617, 2.8047747612
0.00977777130902, 5.01649093628, 2.80476379395
0.0287637896836, 5.01274061203, 2.8047580719
-0.0212717670947, 7.86871099472, 2.80475234985
0.0454151667655, 8.53288459778, 2.80474376678
-0.0157720781863, 8.26838779449, 2.80473232269
-0.00703861564398, 7.62706756592, 2.80471944809
0.0286234617233, 7.51750469208, 2.80469298363
-0.0480805076659, 9.23237514496, 2.80466794968
-0.00169952446595, 7.17287254333, 2.8046476841
0.0204887706786, 8.10437774658, 2.80462837219
-0.0139809735119, 10.4810152054, 2.8045873642
0.00300019234419, 9.62457275391, 2.80454993248
0.0352481640875, 11.5880298615, 2.80451011658
-0.0237639527768, 14.5946922302, 2.80447006226
-0.0061858613044, 11.7777671814, 2.80444955826
0.0323574841022, 10.9943313599, 2.80443143845
0.00309297442436, 11.9640445709, 2.8044128418
-0.0288069322705, 11.1791372299, 2.80440211296
-0.0127256698906, 8.17258071899, 2.80439567566
0.0142441727221, 6.15951728821, 2.80439662933
0.0159266665578, 6.81385231018, 2.80438804626
-0.0184041131288, 7.66826725006, 2.80437469482
0.0194178707898, 7.05608415604, 2.80436468124
0.0309131592512, 6.52571868896, 2.80434894562
-0.00145612377673, 8.04535865784, 2.8043255806
-0.0519077330828, 7.19870233536, 2.80430698395
-0.00345688406378, 12.0008459091, 2.80429124832
-0.0203259121627, 10.4889068604, 2.80428385735
-0.00123070832342, 9.81127548218, 2.80427575111
0.0239299423993, 10.1922283173, 2.80426359177
-0.0342525392771, 9.83147144318, 2.80425786972
-0.0273376684636, 12.9010677338, 2.80425882339
0.00633062282577, 10.7664928436, 2.80425810814
0.05041866377, 8.36180400848, 2.8042550087
0.0354873500764, 9.20893383026, 2.80425357819
-0.0200918409973, 9.5247631073, 2.80423355103
0.0206651985645, 10.1350984573, 2.80422115326
-0.035608574748, 9.20869827271, 2.80420732498
0.00215120520443, 8.96911907196, 2.80419301987
-0.0213926341385, 10.112950325, 2.80418872833
-0.00289577851072, 9.37658500671, 2.80418610573
0.0204593539238, 9.5078792572, 2.80417156219
-0.00455990340561, 9.9562330246, 2.8041434288
-0.00534008815885, 8.12938404083, 2.80411291122
0.0220228880644, 10.0465326309, 2.80408906937
-0.0119357723743, 7.74693632126, 2.8040573597
-0.0123739335686, 8.67547130585, 2.8040394783
0.0132231004536, 9.68082618713, 2.80402231216
0.00720529071987, 9.05509376526, 2.80400323868
-0.00879418291152, 8.3837928772, 2.8039867878
-0.016149463132, 6.712911129, 2.80397129059
0.0223313346505, 8.04866027832, 2.80396962166
0.00815568491817, 7.62534332275, 2.8039727211
-0.0169704966247, 8.15891361237, 2.80397248268
0.0355502516031, 7.91646146774, 2.80398416519
-0.0121544077992, 7.79970598221, 2.80399656296
-0.0210990644991, 7.10963773727, 2.80400466919
-0.00621324125677, 7.4730181694, 2.80402064323
0.0053389640525, 13.5601177216, 2.80404734612
0.00018990598619, 11.4515914917, 2.80407714844
0.0188128352165, 10.7698154449, 2.80410456657
-0.0229926556349, 13.4168453217, 2.8041305542
0.00868876092136, 12.015337944, 2.80414915085
-0.00947729870677, 14.2882232666, 2.80416464806
-0.0179599002004, 10.91314888, 2.80416822433
0.0184631384909, 11.5064964294, 2.80417490005
0.0283357482404, 6.36837339401, 2.80419015884
0.00155268097296, 7.28177928925, 2.80420875549
0.0218540858477, 5.78481149673, 2.80422949791
-0.0522506311536, 6.75277137756, 2.80423593521
0.0138784553856, 6.51738166809, 2.80423212051
-0.0131681598723, 6.85632562637, 2.80423951149
0.0138716073707, 6.49789428711, 2.8042318821
-0.0156464576721, 5.82872486115, 2.80421495438
0.0125822974369, 7.51135063171, 2.8041934967
-0.0445914193988, 8.12767887115, 2.80418682098
0.0346444360912, 7.62127542496, 2.80416679382
-0.00231481995434, 7.8514008522, 2.80414009094
0.00754331424832, 7.07712268829, 2.80412578583
0.0590188652277, 7.7713470459, 2.80411291122
-0.0142787527293, 7.45626115799, 2.80409598351
-0.0536226853728, 8.09885883331, 2.80408573151
-0.00983022991568, 9.96466827393, 2.80407714844
0.0224252585322, 12.2731990814, 2.8040728569
-0.00870936457068, 10.5462141037, 2.80406475067
-0.00415286049247, 10.9225244522, 2.80406522751
-0.0201149992645, 11.0113983154, 2.80406093597
-0.00234145857394, 10.80717659, 2.80404663086
-0.0482715256512, 11.1853237152, 2.80403113365
0.068759098649, 10.305478096, 2.80402374268
0.0048656174913, 10.2548427582, 2.80401849747
0.00830026715994, 9.68625164032, 2.80402708054
0.0158949308097, 9.67523956299, 2.80402994156
-0.0292695425451, 9.09557533264, 2.80402946472
0.0142428930849, 8.91631126404, 2.8040201664
-0.0246700197458, 9.22888660431, 2.80399894714
-0.0191289763898, 9.41672134399, 2.80397796631
0.0277743190527, 10.5359239578, 2.80396103859
0.00239676516503, 4.37378501892, 2.80395650864
-0.025852361694, 4.2284412384, 2.80395364761
-0.00539972446859, 5.41765880585, 2.80395269394
0.0283727832139, 4.8505487442, 2.80394124985
-0.0208948608488, 4.69930124283, 2.80393838882
0.0127775315195, 5.06529998779, 2.80393838882
0.00813389569521, 4.5361828804, 2.8039419651
-0.00294092902914, 4.5061841011, 2.80394411087
-0.0162117369473, 9.57311630249, 2.80394172668
0.03915887326, 8.57509613037, 2.80393266678
-0.0189588293433, 8.99441242218, 2.80392885208
-0.00248251017183, 8.62839126587, 2.80393004417
-0.0498901754618, 8.51874923706, 2.80392885208
0.0812836065888, 10.3439283371, 2.80393409729
-0.0581936463714, 6.84901618958, 2.80393791199
0.026456899941, 9.58207035065, 2.8039457798
-0.00676379119977, 9.17655467987, 2.80394363403
-0.00256491079926, 11.6425571442, 2.8039522171
-0.0182023644447, 8.45891475677, 2.80395412445
0.0289646368474, 10.2495918274, 2.80395650864
-0.00597298704088, 10.3916530609, 2.80396151543
-0.0160830561072, 9.2280330658, 2.80397176743
-0.0126913618296, 10.5258903503, 2.80398011208
0.0330579988658, 9.39119052887, 2.80399513245
0.00467677973211, 6.71849107742, 2.80400896072
-0.0354456156492, 6.84019994736, 2.80401659012
0.028886988759, 6.25024604797, 2.80403518677
0.00140127912164, 6.41804790497, 2.80405664444
0.0506913363934, 6.44468355179, 2.80407714844
-0.011271414347, 6.22018814087, 2.80410432816
-0.0234097037464, 7.28718185425, 2.80413508415
-0.0200209561735, 6.08922195435, 2.8041510582
-0.0176507271826, 11.4637355804, 2.80416059494
0.00139155425131, 13.325961113, 2.80416631699
-0.00155194289982, 13.2516717911, 2.80416345596
0.0174650549889, 12.5153608322, 2.80413985252
-0.053733304143, 11.1901264191, 2.8041203022
-0.00872030667961, 12.1889457703, 2.80409288406
0.00938866194338, 12.1555433273, 2.80406093597
0.0527597665787, 13.7986478806, 2.80402040482
-0.0119373081252, 8.28784561157, 2.80398082733
-0.00959121249616, 8.64293193817, 2.80393481255
0.0325707308948, 9.01222515106, 2.80388116837
-0.0105106215924, 8.45950126648, 2.8038315773
-0.0876635462046, 8.07274055481, 2.80378365517
0.0238338261843, 8.54499340057, 2.80373048782
0.0278310552239, 8.58808612823, 2.80366826057
0.0341363698244, 8.86406993866, 2.80360841751
0.0115524344146, 1.92955493927, 2.80355358124
0.0091879395768, 1.98400390148, 2.80350899696
0.0255070608109, 1.5866112709, 2.80346226692
-0.046563256532, 2.78418207169, 2.80342102051
-0.041696190834, 2.02442121506, 2.80339479446
0.0461097843945, 1.85166072845, 2.80337142944
-0.0139141231775, 2.5344991684, 2.80335330963
0.00770512595773, 1.88833427429, 2.8033413887
0.0398074947298, 8.7671995163, 2.80333280563
-0.0286644771695, 7.32910346985, 2.80331850052
-0.0101155238226, 8.96797847748, 2.80329012871
-0.00294775189832, 7.88132190704, 2.80328512192
0.014188464731, 7.14789104462, 2.80327415466
0.00684796273708, 8.33585548401, 2.80326128006
-0.000685142818838, 9.26688480377, 2.80325746536
-0.0215222463012, 7.9957485199, 2.80324411392
-0.0165811404586, 7.73107147217, 2.80323576927
0.0178905911744, 7.82008457184, 2.80320835114
-0.00380496960133, 8.13980293274, 2.80317091942
0.00307701341808, 9.4107131958, 2.80313777924
0.00194476358593, 7.83244132996, 2.80310869217
0.00361166335642, 7.87645292282, 2.80307936668
-0.0496499054134, 7.68128204346, 2.80305290222
0.0429338291287, 9.27005672455, 2.80302453041
0.00226918142289, 6.02654695511, 2.80298376083
-0.00605719909072, 5.45596456528, 2.80293011665
-0.0208348184824, 5.20890140533, 2.80288171768
0.0241005700082, 6.49629449844, 2.80282735825
0.031866595149, 6.18747234344, 2.80278539658
-0.0445425063372, 6.16479969025, 2.80273246765
0.0267941690981, 5.7177772522, 2.80268335342
-0.0150162009522, 5.13957738876, 2.80263948441
0.0172129031271, 6.5879778862, 2.80259084702
-0.00032301992178, 7.52596378326, 2.80254864693
-0.00930032134056, 8.45500469208, 2.80251026154
-0.00304862763733, 7.65210676193, 2.8024687767
-0.0324484705925, 7.69719362259, 2.80243968964
-0.000171143561602, 5.9922118187, 2.8024160862
-0.0270702540874, 7.26858282089, 2.80239534378
0.0523891486228, 8.93162345886, 2.80238604546
0.0114718228579, 6.89151906967, 2.80236721039
-0.0512636601925, 5.92251682281, 2.80235719681
0.0103694051504, 8.11757087708, 2.80234241486
0.0332414731383, 6.10962104797, 2.80231380463
0.0392545759678, 7.33385372162, 2.80227684975
0.00630416767672, 6.78729009628, 2.80222225189
-0.0330015905201, 6.17722892761, 2.80216670036
-0.0118326880038, 6.59487962723, 2.80211591721
-0.0535738989711, 3.82537889481, 2.80207157135
0.0761968716979, 5.95495223999, 2.80203008652
0.0106410235167, 3.53034448624, 2.80199146271
-0.033376339823, 4.10714960098, 2.80194711685
0.0532038137317, 4.44295358658, 2.80190706253
-0.0401910468936, 4.29807329178, 2.80186343193
-0.0225704815239, 4.50233697891, 2.80182123184
0.00877020694315, 4.0677280426, 2.80178260803
0.00188590073958, 8.3373041153, 2.80173945427
0.0415650010109, 8.08545303345, 2.80168485641
-0.0464865975082, 7.33604335785, 2.80164289474
0.00404231064022, 7.54576158524, 2.80160784721
-0.0519753582776, 7.1320438385, 2.80157423019
0.08213339746, 7.8674030304, 2.80153512955
-0.0271957870573, 8.03807353973, 2.80150699615
-0.00278281979263, 8.15079402924, 2.80146598816
-0.0194282531738, 7.58462524414, 2.80143857002
0.0833703428507, 11.2784900665, 2.801425457
0.000682760030031, 7.90801620483, 2.80140066147
-0.0651655271649, 7.58510017395, 2.80138683319
0.0253194030374, 8.42704582214, 2.80136632919
0.0261573009193, 10.3648366928, 2.80135679245
-0.0077157728374, 8.19829940796, 2.80132770538
-0.0438316687942, 7.02557468414, 2.80130648613
-0.0099436994642, 5.36979389191, 2.80127954483
0.00331797078252, 5.77676105499, 2.80125570297
0.0482516251504, 5.09498977661, 2.80123949051
-0.0413326583803, 5.06513834, 2.80123877525
0.00975040812045, 5.48569822311, 2.80123901367
-0.00780522450805, 5.55044412613, 2.80123758316
-0.0285495445132, 5.20770645142, 2.80125427246
0.0209480002522, 4.87260198593, 2.80127382278
-0.018310373649, 8.80087852478, 2.80128717422
0.00886815693229, 7.49454116821, 2.80129766464
-0.00613434007391, 7.6764755249, 2.80132007599
0.015905501321, 9.57072544098, 2.80133891106
0.00623899092898, 7.58061981201, 2.80135202408
0.00580316316336, 7.86953306198, 2.80136823654
-0.0314732342958, 9.15662193298, 2.80137705803
0.0162284951657, 8.45505714417, 2.80139183998
-0.00373827200383, 10.7574138641, 2.80140590668
0.0106322951615, 10.2396259308, 2.8014228344
0.0231487136334, 12.8385543823, 2.8014292717
-0.0291916001588, 12.552239418, 2.80142760277
0.0075012203306, 11.5551223755, 2.801425457
0.00356615986675, 12.0096874237, 2.80141019821
0.0196704305708, 11.2821846008, 2.80139732361
-0.0315337814391, 11.1010065079, 2.80138063431
-0.0147206615657, 7.45218086243, 2.80137085915
0.0491306111217, 7.31084871292, 2.80135297775
-0.0197949036956, 6.1211771965, 2.80132770538
-0.0140174590051, 6.49326610565, 2.80130243301
0.00570892076939, 6.26282072067, 2.80128407478
0.0391079932451, 6.62758731842, 2.80125713348
0.00814753957093, 7.14960718155, 2.80122852325
-0.0555059462786, 7.24334478378, 2.80120015144
-0.0334684327245, 10.7146644592, 2.8011713028
0.0217878744006, 13.687959671, 2.80114793777
0.0489734560251, 12.3243083954, 2.80111241341
-0.0381037332118, 10.2559766769, 2.80107069016
0.00502096489072, 12.4925193787, 2.80102586746
-0.0285962093621, 11.3249435425, 2.80098009109
0.0437846183777, 11.3864412308, 2.80092763901
-0.0218615233898, 10.6489524841, 2.80087542534
0.0339359566569, 10.2498350143, 2.80082178116
-0.0163837298751, 10.2375860214, 2.80077886581
-0.0238229762763, 9.73073959351, 2.80074262619
0.00690694153309, 10.9727325439, 2.80070209503
-0.0459494926035, 8.81189441681, 2.80065846443
0.00432042218745, 11.4386444092, 2.80062246323
-0.00633568596095, 10.523935318, 2.80058908463
0.0456219315529, 10.108663559, 2.80054950714
-0.00224464759231, 8.79915618896, 2.80051755905
-0.0157309547067, 8.13806819916, 2.80048918724
0.00119902542792, 7.97276878357, 2.80046105385
0.017117805779, 9.37382125854, 2.80043792725
0.0468354895711, 9.0413236618, 2.80042219162
-0.0170619953424, 9.11902713776, 2.80040597916
0.0111901573837, 8.3669462204, 2.80040884018
-0.0401426404715, 7.349588871, 2.80040073395
-0.0116454977542, 10.9626970291, 2.80039215088
0.0108095398173, 13.0456256866, 2.80038452148
0.00109272263944, 12.1505069733, 2.80038094521
0.00193321704865, 12.4877386093, 2.80037045479
-0.0022156694904, 11.0925559998, 2.80035209656
0.0233860500157, 12.4382352829, 2.80033159256
-0.0463663041592, 11.8325567245, 2.80031251907
0.0229551680386, 11.3570184708, 2.80028510094
0.0697380900383, 12.3167304993, 2.80026555061
-0.0309187881649, 12.4487762451, 2.80024313927
0.00196331739426, 13.6796283722, 2.80023193359
-0.0407327637076, 11.930855751, 2.80023002625
-0.0442455559969, 11.8944339752, 2.80021691322
-0.0120967747644, 12.8391170502, 2.80021047592
0.0460815839469, 13.4799728394, 2.80020523071
0.0075004901737, 11.9964332581, 2.8001947403
